<?xml version="1.0" encoding="UTF-8"?>
<testsuite name="com.psawesome.awsspringboot.web.HelloControllerTest" tests="2" skipped="0" failures="0" errors="0" timestamp="2020-01-01T07:29:11" hostname="PSAwesome" time="0.266">
  <properties/>
  <testcase name="hello" classname="com.psawesome.awsspringboot.web.HelloControllerTest" time="0.117"/>
  <testcase name="helloWorldResponse" classname="com.psawesome.awsspringboot.web.HelloControllerTest" time="0.148"/>
  <system-out><![CDATA[2020-01-01 16:29:09.362  INFO 1424 --- [    Test worker] .b.t.a.w.s.WebMvcTestContextBootstrapper : Neither @ContextConfiguration nor @ContextHierarchy found for test class [com.psawesome.awsspringboot.web.HelloControllerTest], using SpringBootContextLoader
2020-01-01 16:29:09.363  INFO 1424 --- [    Test worker] o.s.t.c.support.AbstractContextLoader    : Could not detect default resource locations for test class [com.psawesome.awsspringboot.web.HelloControllerTest]: no resource found for suffixes {-context.xml, Context.groovy}.
2020-01-01 16:29:09.363  INFO 1424 --- [    Test worker] t.c.s.AnnotationConfigContextLoaderUtils : Could not detect default configuration classes for test class [com.psawesome.awsspringboot.web.HelloControllerTest]: HelloControllerTest does not declare any static, non-private, non-final, nested classes annotated with @Configuration.
2020-01-01 16:29:09.390  INFO 1424 --- [    Test worker] .b.t.c.SpringBootTestContextBootstrapper : Found @SpringBootConfiguration com.psawesome.awsspringboot.AwsSpringBootApplication for test class com.psawesome.awsspringboot.web.HelloControllerTest
2020-01-01 16:29:09.391  INFO 1424 --- [    Test worker] .b.t.a.w.s.WebMvcTestContextBootstrapper : Loaded default TestExecutionListener class names from location [META-INF/spring.factories]: [org.springframework.security.test.context.support.WithSecurityContextTestExecutionListener, org.springframework.security.test.context.support.ReactorContextTestExecutionListener, org.springframework.boot.test.autoconfigure.restdocs.RestDocsTestExecutionListener, org.springframework.boot.test.autoconfigure.web.client.MockRestServiceServerResetTestExecutionListener, org.springframework.boot.test.autoconfigure.web.servlet.MockMvcPrintOnlyOnFailureTestExecutionListener, org.springframework.boot.test.autoconfigure.web.servlet.WebDriverTestExecutionListener, org.springframework.boot.test.mock.mockito.MockitoTestExecutionListener, org.springframework.boot.test.mock.mockito.ResetMocksTestExecutionListener, org.springframework.test.context.web.ServletTestExecutionListener, org.springframework.test.context.support.DirtiesContextBeforeModesTestExecutionListener, org.springframework.test.context.support.DependencyInjectionTestExecutionListener, org.springframework.test.context.support.DirtiesContextTestExecutionListener, org.springframework.test.context.transaction.TransactionalTestExecutionListener, org.springframework.test.context.jdbc.SqlScriptsTestExecutionListener]
2020-01-01 16:29:09.393  INFO 1424 --- [    Test worker] .b.t.a.w.s.WebMvcTestContextBootstrapper : Using TestExecutionListeners: [org.springframework.test.context.web.ServletTestExecutionListener@4e6bdd26, org.springframework.test.context.support.DirtiesContextBeforeModesTestExecutionListener@648dddfb, org.springframework.boot.test.mock.mockito.MockitoTestExecutionListener@64e86d4d, org.springframework.boot.test.autoconfigure.SpringBootDependencyInjectionTestExecutionListener@63ac2fe7, org.springframework.test.context.support.DirtiesContextTestExecutionListener@733e4c59, org.springframework.test.context.transaction.TransactionalTestExecutionListener@795625c0, org.springframework.test.context.jdbc.SqlScriptsTestExecutionListener@5ef3ada2, org.springframework.security.test.context.support.WithSecurityContextTestExecutionListener@5c22628c, org.springframework.security.test.context.support.ReactorContextTestExecutionListener@5dffb1d5, org.springframework.boot.test.autoconfigure.restdocs.RestDocsTestExecutionListener@154ff78f, org.springframework.boot.test.autoconfigure.web.client.MockRestServiceServerResetTestExecutionListener@5612d639, org.springframework.boot.test.autoconfigure.web.servlet.MockMvcPrintOnlyOnFailureTestExecutionListener@196bf875, org.springframework.boot.test.autoconfigure.web.servlet.WebDriverTestExecutionListener@393a8394, org.springframework.boot.test.mock.mockito.ResetMocksTestExecutionListener@53a3e8b3]

  .   ____          _            __ _ _
 /\\ / ___'_ __ _ _(_)_ __  __ _ \ \ \ \
( ( )\___ | '_ | '_| | '_ \/ _` | \ \ \ \
 \\/  ___)| |_)| | | | | || (_| |  ) ) ) )
  '  |____| .__|_| |_|_| |_\__, | / / / /
 =========|_|==============|___/=/_/_/_/
 :: Spring Boot ::        (v2.1.7.RELEASE)

2020-01-01 16:29:09.459  INFO 1424 --- [    Test worker] c.p.a.web.HelloControllerTest            : Starting HelloControllerTest on PSAwesome with PID 1424 (started by PS in C:\Users\wivps\IdeaProjects\aws-spring-boot)
2020-01-01 16:29:09.460  INFO 1424 --- [    Test worker] c.p.a.web.HelloControllerTest            : The following profiles are active: oauth
2020-01-01 16:29:10.207  INFO 1424 --- [    Test worker] o.s.s.concurrent.ThreadPoolTaskExecutor  : Initializing ExecutorService 'applicationTaskExecutor'
2020-01-01 16:29:10.284  INFO 1424 --- [    Test worker] o.s.b.a.w.s.WelcomePageHandlerMapping    : Adding welcome page template: index
2020-01-01 16:29:10.763  INFO 1424 --- [    Test worker] .s.s.UserDetailsServiceAutoConfiguration : 

Using generated security password: c68eff35-e11d-40ed-a8a7-338ba64fe56c

2020-01-01 16:29:11.016  INFO 1424 --- [    Test worker] o.s.s.web.DefaultSecurityFilterChain     : Creating filter chain: any request, [org.springframework.security.web.context.request.async.WebAsyncManagerIntegrationFilter@25e832ef, org.springframework.security.web.context.SecurityContextPersistenceFilter@5092fff4, org.springframework.security.web.header.HeaderWriterFilter@2a2384c7, org.springframework.security.web.csrf.CsrfFilter@5819fcbb, org.springframework.security.web.authentication.logout.LogoutFilter@2cb1cdc1, org.springframework.security.web.authentication.UsernamePasswordAuthenticationFilter@67838337, org.springframework.security.web.authentication.ui.DefaultLoginPageGeneratingFilter@40c16209, org.springframework.security.web.authentication.ui.DefaultLogoutPageGeneratingFilter@76f755e8, org.springframework.security.web.authentication.www.BasicAuthenticationFilter@2c113c77, org.springframework.security.web.savedrequest.RequestCacheAwareFilter@90d6411, org.springframework.security.web.servletapi.SecurityContextHolderAwareRequestFilter@3fbecc4b, org.springframework.security.web.authentication.AnonymousAuthenticationFilter@53a02dc5, org.springframework.security.web.session.SessionManagementFilter@3d48491c, org.springframework.security.web.access.ExceptionTranslationFilter@27ffd720, org.springframework.security.web.access.intercept.FilterSecurityInterceptor@590d3be1]
2020-01-01 16:29:11.087  INFO 1424 --- [    Test worker] o.s.b.t.m.w.SpringBootMockServletContext : Initializing Spring TestDispatcherServlet ''
2020-01-01 16:29:11.087  INFO 1424 --- [    Test worker] o.s.t.web.servlet.TestDispatcherServlet  : Initializing Servlet ''
2020-01-01 16:29:11.107  INFO 1424 --- [    Test worker] o.s.t.web.servlet.TestDispatcherServlet  : Completed initialization in 20 ms
2020-01-01 16:29:11.150  INFO 1424 --- [    Test worker] c.p.a.web.HelloControllerTest            : Started HelloControllerTest in 1.754 seconds (JVM running for 14.782)
]]></system-out>
  <system-err><![CDATA[]]></system-err>
</testsuite>
