<?xml version="1.0" encoding="UTF-8"?>
<testsuite name="com.psawesome.awsspringboot.domain.posts.PostsRepositoryTest" tests="2" skipped="0" failures="0" errors="0" timestamp="2020-01-01T06:24:59" hostname="PSAwesome" time="0.398">
  <properties/>
  <testcase name="게시글_저장_불러오기" classname="com.psawesome.awsspringboot.domain.posts.PostsRepositoryTest" time="0.385"/>
  <testcase name="baseTimeEntity_등록" classname="com.psawesome.awsspringboot.domain.posts.PostsRepositoryTest" time="0.012"/>
  <system-out><![CDATA[15:24:49.962 [Test worker] DEBUG org.springframework.test.context.junit4.SpringJUnit4ClassRunner - SpringJUnit4ClassRunner constructor called with [class com.psawesome.awsspringboot.domain.posts.PostsRepositoryTest]
15:24:49.974 [Test worker] DEBUG org.springframework.test.context.BootstrapUtils - Instantiating CacheAwareContextLoaderDelegate from class [org.springframework.test.context.cache.DefaultCacheAwareContextLoaderDelegate]
15:24:49.991 [Test worker] DEBUG org.springframework.test.context.BootstrapUtils - Instantiating BootstrapContext using constructor [public org.springframework.test.context.support.DefaultBootstrapContext(java.lang.Class,org.springframework.test.context.CacheAwareContextLoaderDelegate)]
15:24:50.024 [Test worker] DEBUG org.springframework.test.context.BootstrapUtils - Instantiating TestContextBootstrapper for test class [com.psawesome.awsspringboot.domain.posts.PostsRepositoryTest] from class [org.springframework.boot.test.context.SpringBootTestContextBootstrapper]
15:24:50.064 [Test worker] INFO org.springframework.boot.test.context.SpringBootTestContextBootstrapper - Neither @ContextConfiguration nor @ContextHierarchy found for test class [com.psawesome.awsspringboot.domain.posts.PostsRepositoryTest], using SpringBootContextLoader
15:24:50.070 [Test worker] DEBUG org.springframework.test.context.support.AbstractContextLoader - Did not detect default resource location for test class [com.psawesome.awsspringboot.domain.posts.PostsRepositoryTest]: class path resource [com/psawesome/awsspringboot/domain/posts/PostsRepositoryTest-context.xml] does not exist
15:24:50.070 [Test worker] DEBUG org.springframework.test.context.support.AbstractContextLoader - Did not detect default resource location for test class [com.psawesome.awsspringboot.domain.posts.PostsRepositoryTest]: class path resource [com/psawesome/awsspringboot/domain/posts/PostsRepositoryTestContext.groovy] does not exist
15:24:50.070 [Test worker] INFO org.springframework.test.context.support.AbstractContextLoader - Could not detect default resource locations for test class [com.psawesome.awsspringboot.domain.posts.PostsRepositoryTest]: no resource found for suffixes {-context.xml, Context.groovy}.
15:24:50.071 [Test worker] INFO org.springframework.test.context.support.AnnotationConfigContextLoaderUtils - Could not detect default configuration classes for test class [com.psawesome.awsspringboot.domain.posts.PostsRepositoryTest]: PostsRepositoryTest does not declare any static, non-private, non-final, nested classes annotated with @Configuration.
15:24:50.135 [Test worker] DEBUG org.springframework.test.context.support.ActiveProfilesUtils - Could not find an 'annotation declaring class' for annotation type [org.springframework.test.context.ActiveProfiles] and class [com.psawesome.awsspringboot.domain.posts.PostsRepositoryTest]
15:24:50.244 [Test worker] DEBUG org.springframework.context.annotation.ClassPathScanningCandidateComponentProvider - Identified candidate component class: file [C:\Users\wivps\IdeaProjects\aws-spring-boot\build\classes\java\main\com\psawesome\awsspringboot\AwsSpringBootApplication.class]
15:24:50.245 [Test worker] INFO org.springframework.boot.test.context.SpringBootTestContextBootstrapper - Found @SpringBootConfiguration com.psawesome.awsspringboot.AwsSpringBootApplication for test class com.psawesome.awsspringboot.domain.posts.PostsRepositoryTest
15:24:50.386 [Test worker] DEBUG org.springframework.boot.test.context.SpringBootTestContextBootstrapper - @TestExecutionListeners is not present for class [com.psawesome.awsspringboot.domain.posts.PostsRepositoryTest]: using defaults.
15:24:50.387 [Test worker] INFO org.springframework.boot.test.context.SpringBootTestContextBootstrapper - Loaded default TestExecutionListener class names from location [META-INF/spring.factories]: [org.springframework.security.test.context.support.WithSecurityContextTestExecutionListener, org.springframework.security.test.context.support.ReactorContextTestExecutionListener, org.springframework.boot.test.autoconfigure.restdocs.RestDocsTestExecutionListener, org.springframework.boot.test.autoconfigure.web.client.MockRestServiceServerResetTestExecutionListener, org.springframework.boot.test.autoconfigure.web.servlet.MockMvcPrintOnlyOnFailureTestExecutionListener, org.springframework.boot.test.autoconfigure.web.servlet.WebDriverTestExecutionListener, org.springframework.boot.test.mock.mockito.MockitoTestExecutionListener, org.springframework.boot.test.mock.mockito.ResetMocksTestExecutionListener, org.springframework.test.context.web.ServletTestExecutionListener, org.springframework.test.context.support.DirtiesContextBeforeModesTestExecutionListener, org.springframework.test.context.support.DependencyInjectionTestExecutionListener, org.springframework.test.context.support.DirtiesContextTestExecutionListener, org.springframework.test.context.transaction.TransactionalTestExecutionListener, org.springframework.test.context.jdbc.SqlScriptsTestExecutionListener]
15:24:50.421 [Test worker] INFO org.springframework.boot.test.context.SpringBootTestContextBootstrapper - Using TestExecutionListeners: [org.springframework.test.context.web.ServletTestExecutionListener@2ad626e5, org.springframework.test.context.support.DirtiesContextBeforeModesTestExecutionListener@4ae05717, org.springframework.boot.test.mock.mockito.MockitoTestExecutionListener@2ceb0932, org.springframework.boot.test.autoconfigure.SpringBootDependencyInjectionTestExecutionListener@15861f3e, org.springframework.test.context.support.DirtiesContextTestExecutionListener@efcf265, org.springframework.test.context.transaction.TransactionalTestExecutionListener@46ec5442, org.springframework.test.context.jdbc.SqlScriptsTestExecutionListener@323a7734, org.springframework.security.test.context.support.WithSecurityContextTestExecutionListener@1760f1a2, org.springframework.security.test.context.support.ReactorContextTestExecutionListener@7e6656f1, org.springframework.boot.test.autoconfigure.restdocs.RestDocsTestExecutionListener@5a8c433b, org.springframework.boot.test.autoconfigure.web.client.MockRestServiceServerResetTestExecutionListener@3b6e1c89, org.springframework.boot.test.autoconfigure.web.servlet.MockMvcPrintOnlyOnFailureTestExecutionListener@2b1317a7, org.springframework.boot.test.autoconfigure.web.servlet.WebDriverTestExecutionListener@670e0dea, org.springframework.boot.test.mock.mockito.ResetMocksTestExecutionListener@5fa30fab]
15:24:50.425 [Test worker] DEBUG org.springframework.test.annotation.ProfileValueUtils - Retrieved @ProfileValueSourceConfiguration [null] for test class [com.psawesome.awsspringboot.domain.posts.PostsRepositoryTest]
15:24:50.426 [Test worker] DEBUG org.springframework.test.annotation.ProfileValueUtils - Retrieved ProfileValueSource type [class org.springframework.test.annotation.SystemProfileValueSource] for class [com.psawesome.awsspringboot.domain.posts.PostsRepositoryTest]
15:24:50.426 [Test worker] DEBUG org.springframework.test.annotation.ProfileValueUtils - Retrieved @ProfileValueSourceConfiguration [null] for test class [com.psawesome.awsspringboot.domain.posts.PostsRepositoryTest]
15:24:50.427 [Test worker] DEBUG org.springframework.test.annotation.ProfileValueUtils - Retrieved ProfileValueSource type [class org.springframework.test.annotation.SystemProfileValueSource] for class [com.psawesome.awsspringboot.domain.posts.PostsRepositoryTest]
15:24:50.433 [Test worker] DEBUG org.springframework.test.context.support.AbstractDirtiesContextTestExecutionListener - Before test class: context [DefaultTestContext@335c48b7 testClass = PostsRepositoryTest, testInstance = [null], testMethod = [null], testException = [null], mergedContextConfiguration = [WebMergedContextConfiguration@2e1a4b5e testClass = PostsRepositoryTest, locations = '{}', classes = '{class com.psawesome.awsspringboot.AwsSpringBootApplication}', contextInitializerClasses = '[]', activeProfiles = '{}', propertySourceLocations = '{}', propertySourceProperties = '{org.springframework.boot.test.context.SpringBootTestContextBootstrapper=true}', contextCustomizers = set[org.springframework.boot.test.autoconfigure.properties.PropertyMappingContextCustomizer@0, org.springframework.boot.test.autoconfigure.web.servlet.WebDriverContextCustomizerFactory$Customizer@2726ad92, org.springframework.boot.test.context.filter.ExcludeFilterContextCustomizer@37545d6b, org.springframework.boot.test.json.DuplicateJsonObjectContextCustomizerFactory$DuplicateJsonObjectContextCustomizer@ca28e81, org.springframework.boot.test.mock.mockito.MockitoContextCustomizer@0, org.springframework.boot.test.web.client.TestRestTemplateContextCustomizer@791cbc29], resourceBasePath = 'src/main/webapp', contextLoader = 'org.springframework.boot.test.context.SpringBootContextLoader', parent = [null]], attributes = map['org.springframework.test.context.web.ServletTestExecutionListener.activateListener' -> true]], class annotated with @DirtiesContext [false] with mode [null].
15:24:50.434 [Test worker] DEBUG org.springframework.test.annotation.ProfileValueUtils - Retrieved @ProfileValueSourceConfiguration [null] for test class [com.psawesome.awsspringboot.domain.posts.PostsRepositoryTest]
15:24:50.434 [Test worker] DEBUG org.springframework.test.annotation.ProfileValueUtils - Retrieved ProfileValueSource type [class org.springframework.test.annotation.SystemProfileValueSource] for class [com.psawesome.awsspringboot.domain.posts.PostsRepositoryTest]
15:24:50.467 [Test worker] DEBUG org.springframework.test.context.support.TestPropertySourceUtils - Adding inlined properties to environment: {spring.jmx.enabled=false, org.springframework.boot.test.context.SpringBootTestContextBootstrapper=true, server.port=-1}

  .   ____          _            __ _ _
 /\\ / ___'_ __ _ _(_)_ __  __ _ \ \ \ \
( ( )\___ | '_ | '_| | '_ \/ _` | \ \ \ \
 \\/  ___)| |_)| | | | | || (_| |  ) ) ) )
  '  |____| .__|_| |_|_| |_\__, | / / / /
 =========|_|==============|___/=/_/_/_/
 :: Spring Boot ::        (v2.1.7.RELEASE)

2020-01-01 15:24:50.891  INFO 20308 --- [    Test worker] c.p.a.domain.posts.PostsRepositoryTest   : Starting PostsRepositoryTest on PSAwesome with PID 20308 (started by PS in C:\Users\wivps\IdeaProjects\aws-spring-boot)
2020-01-01 15:24:50.893  INFO 20308 --- [    Test worker] c.p.a.domain.posts.PostsRepositoryTest   : The following profiles are active: oauth
2020-01-01 15:24:52.362  INFO 20308 --- [    Test worker] .s.d.r.c.RepositoryConfigurationDelegate : Bootstrapping Spring Data repositories in DEFAULT mode.
2020-01-01 15:24:52.480  INFO 20308 --- [    Test worker] .s.d.r.c.RepositoryConfigurationDelegate : Finished Spring Data repository scanning in 107ms. Found 2 repository interfaces.
2020-01-01 15:24:53.234  INFO 20308 --- [    Test worker] trationDelegate$BeanPostProcessorChecker : Bean 'org.springframework.transaction.annotation.ProxyTransactionManagementConfiguration' of type [org.springframework.transaction.annotation.ProxyTransactionManagementConfiguration$$EnhancerBySpringCGLIB$$ed74c84c] is not eligible for getting processed by all BeanPostProcessors (for example: not eligible for auto-proxying)
2020-01-01 15:24:53.561  INFO 20308 --- [    Test worker] com.zaxxer.hikari.HikariDataSource       : HikariPool-1 - Starting...
2020-01-01 15:24:53.771  INFO 20308 --- [    Test worker] com.zaxxer.hikari.HikariDataSource       : HikariPool-1 - Start completed.
2020-01-01 15:24:53.906  INFO 20308 --- [    Test worker] o.hibernate.jpa.internal.util.LogHelper  : HHH000204: Processing PersistenceUnitInfo [
	name: default
	...]
2020-01-01 15:24:54.024  INFO 20308 --- [    Test worker] org.hibernate.Version                    : HHH000412: Hibernate Core {5.3.10.Final}
2020-01-01 15:24:54.026  INFO 20308 --- [    Test worker] org.hibernate.cfg.Environment            : HHH000206: hibernate.properties not found
2020-01-01 15:24:54.272  INFO 20308 --- [    Test worker] o.hibernate.annotations.common.Version   : HCANN000001: Hibernate Commons Annotations {5.0.4.Final}
2020-01-01 15:24:54.531  INFO 20308 --- [    Test worker] org.hibernate.dialect.Dialect            : HHH000400: Using dialect: org.hibernate.dialect.H2Dialect
Hibernate: drop table posts if exists
Hibernate: drop table user if exists
Hibernate: drop sequence if exists hibernate_sequence
Hibernate: create sequence hibernate_sequence start with 1 increment by 1
Hibernate: create table posts (id bigint generated by default as identity, create_date timestamp, modify_date timestamp, author varchar(255), content TEXT not null, title varchar(500) not null, primary key (id))
Hibernate: create table user (id bigint not null, create_date timestamp, modify_date timestamp, email varchar(255) not null, name varchar(255) not null, picture varchar(255), role varchar(255), primary key (id))
2020-01-01 15:24:55.608  INFO 20308 --- [    Test worker] o.h.t.schema.internal.SchemaCreatorImpl  : HHH000476: Executing import script 'org.hibernate.tool.schema.internal.exec.ScriptSourceInputNonExistentImpl@6ea935b0'
2020-01-01 15:24:55.613  INFO 20308 --- [    Test worker] j.LocalContainerEntityManagerFactoryBean : Initialized JPA EntityManagerFactory for persistence unit 'default'
2020-01-01 15:24:56.456  INFO 20308 --- [    Test worker] o.h.h.i.QueryTranslatorFactoryInitiator  : HHH000397: Using ASTQueryTranslatorFactory
2020-01-01 15:24:57.435  INFO 20308 --- [    Test worker] o.s.s.web.DefaultSecurityFilterChain     : Creating filter chain: any request, [org.springframework.security.web.context.request.async.WebAsyncManagerIntegrationFilter@4c4b110b, org.springframework.security.web.context.SecurityContextPersistenceFilter@51f6d0e0, org.springframework.security.web.header.HeaderWriterFilter@548778e2, org.springframework.security.web.authentication.logout.LogoutFilter@4a322c40, org.springframework.security.oauth2.client.web.OAuth2AuthorizationRequestRedirectFilter@6536b448, org.springframework.security.oauth2.client.web.OAuth2LoginAuthenticationFilter@2263fd37, org.springframework.security.web.authentication.ui.DefaultLoginPageGeneratingFilter@4f68c7b6, org.springframework.security.web.authentication.ui.DefaultLogoutPageGeneratingFilter@71fa607b, org.springframework.security.web.savedrequest.RequestCacheAwareFilter@8047871, org.springframework.security.web.servletapi.SecurityContextHolderAwareRequestFilter@1fdc82e1, org.springframework.security.web.authentication.AnonymousAuthenticationFilter@2a6d88e, org.springframework.security.web.session.SessionManagementFilter@319d691d, org.springframework.security.web.access.ExceptionTranslationFilter@31529d09, org.springframework.security.web.access.intercept.FilterSecurityInterceptor@8f80850]
2020-01-01 15:24:58.334  INFO 20308 --- [    Test worker] o.s.s.concurrent.ThreadPoolTaskExecutor  : Initializing ExecutorService 'applicationTaskExecutor'
2020-01-01 15:24:58.428  WARN 20308 --- [    Test worker] aWebConfiguration$JpaWebMvcConfiguration : spring.jpa.open-in-view is enabled by default. Therefore, database queries may be performed during view rendering. Explicitly configure spring.jpa.open-in-view to disable this warning
2020-01-01 15:24:58.523  INFO 20308 --- [    Test worker] o.s.b.a.w.s.WelcomePageHandlerMapping    : Adding welcome page template: index
2020-01-01 15:24:59.382  INFO 20308 --- [    Test worker] s.a.ScheduledAnnotationBeanPostProcessor : No TaskScheduler/ScheduledExecutorService bean found for scheduled processing
2020-01-01 15:24:59.397  INFO 20308 --- [    Test worker] c.p.a.domain.posts.PostsRepositoryTest   : Started PostsRepositoryTest in 8.913 seconds (JVM running for 12.722)
Hibernate: insert into posts (id, create_date, modify_date, author, content, title) values (null, ?, ?, ?, ?, ?)
Hibernate: select posts0_.id as id1_0_, posts0_.create_date as create_d2_0_, posts0_.modify_date as modify_d3_0_, posts0_.author as author4_0_, posts0_.content as content5_0_, posts0_.title as title6_0_ from posts posts0_
Hibernate: select posts0_.id as id1_0_, posts0_.create_date as create_d2_0_, posts0_.modify_date as modify_d3_0_, posts0_.author as author4_0_, posts0_.content as content5_0_, posts0_.title as title6_0_ from posts posts0_
Hibernate: delete from posts where id=?
Hibernate: insert into posts (id, create_date, modify_date, author, content, title) values (null, ?, ?, ?, ?, ?)
Hibernate: select posts0_.id as id1_0_, posts0_.create_date as create_d2_0_, posts0_.modify_date as modify_d3_0_, posts0_.author as author4_0_, posts0_.content as content5_0_, posts0_.title as title6_0_ from posts posts0_
createDate = [2020-01-01T15:24:59.816], modifiedDate = [2020-01-01T15:24:59.816]
Hibernate: select posts0_.id as id1_0_, posts0_.create_date as create_d2_0_, posts0_.modify_date as modify_d3_0_, posts0_.author as author4_0_, posts0_.content as content5_0_, posts0_.title as title6_0_ from posts posts0_
Hibernate: delete from posts where id=?
]]></system-out>
  <system-err><![CDATA[]]></system-err>
</testsuite>
