<?xml version="1.0" encoding="UTF-8"?>
<testsuite name="com.psawesome.awsspringboot.AwsSpringBootApplicationTests" tests="1" skipped="0" failures="0" errors="0" timestamp="2020-01-01T06:24:49" hostname="PSAwesome" time="0.002">
  <properties/>
  <testcase name="contextLoads" classname="com.psawesome.awsspringboot.AwsSpringBootApplicationTests" time="0.002"/>
  <system-out><![CDATA[]]></system-out>
  <system-err><![CDATA[]]></system-err>
</testsuite>
