<?xml version="1.0" encoding="UTF-8"?>
<testsuite name="com.psawesome.awsspringboot.web.PostsApiControllerTest" tests="4" skipped="0" failures="0" errors="0" timestamp="2020-01-01T06:25:07" hostname="PSAwesome" time="0.153">
  <properties/>
  <testcase name="delete_posts" classname="com.psawesome.awsspringboot.web.PostsApiControllerTest" time="0.03"/>
  <testcase name="posts_update" classname="com.psawesome.awsspringboot.web.PostsApiControllerTest" time="0.059"/>
  <testcase name="save" classname="com.psawesome.awsspringboot.web.PostsApiControllerTest" time="0.026"/>
  <testcase name="posts_get_one" classname="com.psawesome.awsspringboot.web.PostsApiControllerTest" time="0.033"/>
  <system-out><![CDATA[2020-01-01 15:25:07.033  INFO 20308 --- [    Test worker] .b.t.c.SpringBootTestContextBootstrapper : Neither @ContextConfiguration nor @ContextHierarchy found for test class [com.psawesome.awsspringboot.web.PostsApiControllerTest], using SpringBootContextLoader
2020-01-01 15:25:07.036  INFO 20308 --- [    Test worker] o.s.t.c.support.AbstractContextLoader    : Could not detect default resource locations for test class [com.psawesome.awsspringboot.web.PostsApiControllerTest]: no resource found for suffixes {-context.xml, Context.groovy}.
2020-01-01 15:25:07.036  INFO 20308 --- [    Test worker] t.c.s.AnnotationConfigContextLoaderUtils : Could not detect default configuration classes for test class [com.psawesome.awsspringboot.web.PostsApiControllerTest]: PostsApiControllerTest does not declare any static, non-private, non-final, nested classes annotated with @Configuration.
2020-01-01 15:25:07.041  INFO 20308 --- [    Test worker] .b.t.c.SpringBootTestContextBootstrapper : Found @SpringBootConfiguration com.psawesome.awsspringboot.AwsSpringBootApplication for test class com.psawesome.awsspringboot.web.PostsApiControllerTest
2020-01-01 15:25:07.045  INFO 20308 --- [    Test worker] .b.t.c.SpringBootTestContextBootstrapper : Loaded default TestExecutionListener class names from location [META-INF/spring.factories]: [org.springframework.security.test.context.support.WithSecurityContextTestExecutionListener, org.springframework.security.test.context.support.ReactorContextTestExecutionListener, org.springframework.boot.test.autoconfigure.restdocs.RestDocsTestExecutionListener, org.springframework.boot.test.autoconfigure.web.client.MockRestServiceServerResetTestExecutionListener, org.springframework.boot.test.autoconfigure.web.servlet.MockMvcPrintOnlyOnFailureTestExecutionListener, org.springframework.boot.test.autoconfigure.web.servlet.WebDriverTestExecutionListener, org.springframework.boot.test.mock.mockito.MockitoTestExecutionListener, org.springframework.boot.test.mock.mockito.ResetMocksTestExecutionListener, org.springframework.test.context.web.ServletTestExecutionListener, org.springframework.test.context.support.DirtiesContextBeforeModesTestExecutionListener, org.springframework.test.context.support.DependencyInjectionTestExecutionListener, org.springframework.test.context.support.DirtiesContextTestExecutionListener, org.springframework.test.context.transaction.TransactionalTestExecutionListener, org.springframework.test.context.jdbc.SqlScriptsTestExecutionListener]
2020-01-01 15:25:07.048  INFO 20308 --- [    Test worker] .b.t.c.SpringBootTestContextBootstrapper : Using TestExecutionListeners: [org.springframework.test.context.web.ServletTestExecutionListener@54c9a5a4, org.springframework.test.context.support.DirtiesContextBeforeModesTestExecutionListener@6f51eca4, org.springframework.boot.test.mock.mockito.MockitoTestExecutionListener@458c1c5f, org.springframework.boot.test.autoconfigure.SpringBootDependencyInjectionTestExecutionListener@1d52a0d6, org.springframework.test.context.support.DirtiesContextTestExecutionListener@4afd25d, org.springframework.test.context.transaction.TransactionalTestExecutionListener@647b3aa0, org.springframework.test.context.jdbc.SqlScriptsTestExecutionListener@41b0bc94, org.springframework.security.test.context.support.WithSecurityContextTestExecutionListener@49ece064, org.springframework.security.test.context.support.ReactorContextTestExecutionListener@332bfe3e, org.springframework.boot.test.autoconfigure.restdocs.RestDocsTestExecutionListener@e386cc1, org.springframework.boot.test.autoconfigure.web.client.MockRestServiceServerResetTestExecutionListener@4a28358e, org.springframework.boot.test.autoconfigure.web.servlet.MockMvcPrintOnlyOnFailureTestExecutionListener@6469036f, org.springframework.boot.test.autoconfigure.web.servlet.WebDriverTestExecutionListener@8dfdbd2, org.springframework.boot.test.mock.mockito.ResetMocksTestExecutionListener@45cce06c]
2020-01-01 15:25:07.059  INFO 20308 --- [    Test worker] o.a.c.c.C.[Tomcat].[localhost].[/]       : Initializing Spring TestDispatcherServlet ''
2020-01-01 15:25:07.059  INFO 20308 --- [    Test worker] o.s.t.web.servlet.TestDispatcherServlet  : Initializing Servlet ''
2020-01-01 15:25:07.065  INFO 20308 --- [    Test worker] o.s.t.web.servlet.TestDispatcherServlet  : Completed initialization in 6 ms
Hibernate: select posts0_.id as id1_0_, posts0_.create_date as create_d2_0_, posts0_.modify_date as modify_d3_0_, posts0_.author as author4_0_, posts0_.content as content5_0_, posts0_.title as title6_0_ from posts posts0_
Hibernate: delete from posts where id=?
2020-01-01 15:25:07.093  INFO 20308 --- [    Test worker] o.a.c.c.C.[Tomcat].[localhost].[/]       : Initializing Spring TestDispatcherServlet ''
2020-01-01 15:25:07.094  INFO 20308 --- [    Test worker] o.s.t.web.servlet.TestDispatcherServlet  : Initializing Servlet ''
2020-01-01 15:25:07.102  INFO 20308 --- [    Test worker] o.s.t.web.servlet.TestDispatcherServlet  : Completed initialization in 8 ms
Hibernate: insert into posts (id, create_date, modify_date, author, content, title) values (null, ?, ?, ?, ?, ?)
Hibernate: select posts0_.id as id1_0_0_, posts0_.create_date as create_d2_0_0_, posts0_.modify_date as modify_d3_0_0_, posts0_.author as author4_0_0_, posts0_.content as content5_0_0_, posts0_.title as title6_0_0_ from posts posts0_ where posts0_.id=?
Hibernate: update posts set create_date=?, modify_date=?, author=?, content=?, title=? where id=?
Hibernate: select posts0_.id as id1_0_, posts0_.create_date as create_d2_0_, posts0_.modify_date as modify_d3_0_, posts0_.author as author4_0_, posts0_.content as content5_0_, posts0_.title as title6_0_ from posts posts0_
Hibernate: select posts0_.id as id1_0_, posts0_.create_date as create_d2_0_, posts0_.modify_date as modify_d3_0_, posts0_.author as author4_0_, posts0_.content as content5_0_, posts0_.title as title6_0_ from posts posts0_
Hibernate: delete from posts where id=?
2020-01-01 15:25:07.151  INFO 20308 --- [    Test worker] o.a.c.c.C.[Tomcat].[localhost].[/]       : Initializing Spring TestDispatcherServlet ''
2020-01-01 15:25:07.152  INFO 20308 --- [    Test worker] o.s.t.web.servlet.TestDispatcherServlet  : Initializing Servlet ''
2020-01-01 15:25:07.157  INFO 20308 --- [    Test worker] o.s.t.web.servlet.TestDispatcherServlet  : Completed initialization in 5 ms
Hibernate: insert into posts (id, create_date, modify_date, author, content, title) values (null, ?, ?, ?, ?, ?)
Hibernate: select posts0_.id as id1_0_, posts0_.create_date as create_d2_0_, posts0_.modify_date as modify_d3_0_, posts0_.author as author4_0_, posts0_.content as content5_0_, posts0_.title as title6_0_ from posts posts0_
Hibernate: select posts0_.id as id1_0_, posts0_.create_date as create_d2_0_, posts0_.modify_date as modify_d3_0_, posts0_.author as author4_0_, posts0_.content as content5_0_, posts0_.title as title6_0_ from posts posts0_
Hibernate: delete from posts where id=?
2020-01-01 15:25:07.178  INFO 20308 --- [    Test worker] o.a.c.c.C.[Tomcat].[localhost].[/]       : Initializing Spring TestDispatcherServlet ''
2020-01-01 15:25:07.178  INFO 20308 --- [    Test worker] o.s.t.web.servlet.TestDispatcherServlet  : Initializing Servlet ''
2020-01-01 15:25:07.181  INFO 20308 --- [    Test worker] o.s.t.web.servlet.TestDispatcherServlet  : Completed initialization in 3 ms
Hibernate: insert into posts (id, create_date, modify_date, author, content, title) values (null, ?, ?, ?, ?, ?)
Hibernate: select posts0_.id as id1_0_0_, posts0_.create_date as create_d2_0_0_, posts0_.modify_date as modify_d3_0_0_, posts0_.author as author4_0_0_, posts0_.content as content5_0_0_, posts0_.title as title6_0_0_ from posts posts0_ where posts0_.id=?
Hibernate: select posts0_.id as id1_0_, posts0_.create_date as create_d2_0_, posts0_.modify_date as modify_d3_0_, posts0_.author as author4_0_, posts0_.content as content5_0_, posts0_.title as title6_0_ from posts posts0_
Hibernate: delete from posts where id=?
]]></system-out>
  <system-err><![CDATA[]]></system-err>
</testsuite>
