<?xml version="1.0" encoding="UTF-8"?>
<testsuite name="com.psawesome.awsspringboot.web.IndexControllerTest" tests="3" skipped="0" failures="0" errors="0" timestamp="2020-01-01T07:50:36" hostname="PSAwesome" time="0.877">
  <properties/>
  <testcase name="메인페이지_로딩" classname="com.psawesome.awsspringboot.web.IndexControllerTest" time="0.695"/>
  <testcase name="postsSavePageTest" classname="com.psawesome.awsspringboot.web.IndexControllerTest" time="0.029"/>
  <testcase name="postsUpdatePageTest" classname="com.psawesome.awsspringboot.web.IndexControllerTest" time="0.151"/>
  <system-out><![CDATA[2020-01-01 16:50:32.014  INFO 11724 --- [    Test worker] .b.t.c.SpringBootTestContextBootstrapper : Neither @ContextConfiguration nor @ContextHierarchy found for test class [com.psawesome.awsspringboot.web.IndexControllerTest], using SpringBootContextLoader
2020-01-01 16:50:32.015  INFO 11724 --- [    Test worker] o.s.t.c.support.AbstractContextLoader    : Could not detect default resource locations for test class [com.psawesome.awsspringboot.web.IndexControllerTest]: no resource found for suffixes {-context.xml, Context.groovy}.
2020-01-01 16:50:32.015  INFO 11724 --- [    Test worker] t.c.s.AnnotationConfigContextLoaderUtils : Could not detect default configuration classes for test class [com.psawesome.awsspringboot.web.IndexControllerTest]: IndexControllerTest does not declare any static, non-private, non-final, nested classes annotated with @Configuration.
2020-01-01 16:50:32.017  INFO 11724 --- [    Test worker] .b.t.c.SpringBootTestContextBootstrapper : Found @SpringBootConfiguration com.psawesome.awsspringboot.AwsSpringBootApplication for test class com.psawesome.awsspringboot.web.IndexControllerTest
2020-01-01 16:50:32.019  INFO 11724 --- [    Test worker] .b.t.c.SpringBootTestContextBootstrapper : Loaded default TestExecutionListener class names from location [META-INF/spring.factories]: [org.springframework.security.test.context.support.WithSecurityContextTestExecutionListener, org.springframework.security.test.context.support.ReactorContextTestExecutionListener, org.springframework.boot.test.autoconfigure.restdocs.RestDocsTestExecutionListener, org.springframework.boot.test.autoconfigure.web.client.MockRestServiceServerResetTestExecutionListener, org.springframework.boot.test.autoconfigure.web.servlet.MockMvcPrintOnlyOnFailureTestExecutionListener, org.springframework.boot.test.autoconfigure.web.servlet.WebDriverTestExecutionListener, org.springframework.boot.test.mock.mockito.MockitoTestExecutionListener, org.springframework.boot.test.mock.mockito.ResetMocksTestExecutionListener, org.springframework.test.context.web.ServletTestExecutionListener, org.springframework.test.context.support.DirtiesContextBeforeModesTestExecutionListener, org.springframework.test.context.support.DependencyInjectionTestExecutionListener, org.springframework.test.context.support.DirtiesContextTestExecutionListener, org.springframework.test.context.transaction.TransactionalTestExecutionListener, org.springframework.test.context.jdbc.SqlScriptsTestExecutionListener]
2020-01-01 16:50:32.021  INFO 11724 --- [    Test worker] .b.t.c.SpringBootTestContextBootstrapper : Using TestExecutionListeners: [org.springframework.test.context.web.ServletTestExecutionListener@72efcc99, org.springframework.test.context.support.DirtiesContextBeforeModesTestExecutionListener@1fa49d2c, org.springframework.boot.test.mock.mockito.MockitoTestExecutionListener@307ec7f0, org.springframework.boot.test.autoconfigure.SpringBootDependencyInjectionTestExecutionListener@759336d2, org.springframework.test.context.support.DirtiesContextTestExecutionListener@7994b7fd, org.springframework.test.context.transaction.TransactionalTestExecutionListener@4262181e, org.springframework.test.context.jdbc.SqlScriptsTestExecutionListener@46516e5, org.springframework.security.test.context.support.WithSecurityContextTestExecutionListener@68ac951d, org.springframework.security.test.context.support.ReactorContextTestExecutionListener@34dbfcaa, org.springframework.boot.test.autoconfigure.restdocs.RestDocsTestExecutionListener@662ba0c7, org.springframework.boot.test.autoconfigure.web.client.MockRestServiceServerResetTestExecutionListener@4ad550d9, org.springframework.boot.test.autoconfigure.web.servlet.MockMvcPrintOnlyOnFailureTestExecutionListener@465d30e3, org.springframework.boot.test.autoconfigure.web.servlet.WebDriverTestExecutionListener@2d08aa2e, org.springframework.boot.test.mock.mockito.ResetMocksTestExecutionListener@169e1ad0]

  .   ____          _            __ _ _
 /\\ / ___'_ __ _ _(_)_ __  __ _ \ \ \ \
( ( )\___ | '_ | '_| | '_ \/ _` | \ \ \ \
 \\/  ___)| |_)| | | | | || (_| |  ) ) ) )
  '  |____| .__|_| |_|_| |_\__, | / / / /
 =========|_|==============|___/=/_/_/_/
 :: Spring Boot ::        (v2.1.7.RELEASE)

2020-01-01 16:50:32.095  INFO 11724 --- [    Test worker] c.p.a.web.IndexControllerTest            : Starting IndexControllerTest on PSAwesome with PID 11724 (started by PS in C:\Users\wivps\IdeaProjects\aws-spring-boot)
2020-01-01 16:50:32.095  INFO 11724 --- [    Test worker] c.p.a.web.IndexControllerTest            : The following profiles are active: oauth
2020-01-01 16:50:32.473  INFO 11724 --- [    Test worker] .s.d.r.c.RepositoryConfigurationDelegate : Bootstrapping Spring Data repositories in DEFAULT mode.
2020-01-01 16:50:32.517  INFO 11724 --- [    Test worker] .s.d.r.c.RepositoryConfigurationDelegate : Finished Spring Data repository scanning in 44ms. Found 2 repository interfaces.
2020-01-01 16:50:32.671  INFO 11724 --- [    Test worker] trationDelegate$BeanPostProcessorChecker : Bean 'org.springframework.transaction.annotation.ProxyTransactionManagementConfiguration' of type [org.springframework.transaction.annotation.ProxyTransactionManagementConfiguration$$EnhancerBySpringCGLIB$$499ae48c] is not eligible for getting processed by all BeanPostProcessors (for example: not eligible for auto-proxying)
2020-01-01 16:50:33.076  INFO 11724 --- [    Test worker] o.s.b.w.embedded.tomcat.TomcatWebServer  : Tomcat initialized with port(s): 0 (http)
2020-01-01 16:50:33.119  INFO 11724 --- [    Test worker] o.apache.catalina.core.StandardService   : Starting service [Tomcat]
2020-01-01 16:50:33.119  INFO 11724 --- [    Test worker] org.apache.catalina.core.StandardEngine  : Starting Servlet engine: [Apache Tomcat/9.0.22]
2020-01-01 16:50:33.370  INFO 11724 --- [    Test worker] o.a.c.c.C.[Tomcat].[localhost].[/]       : Initializing Spring embedded WebApplicationContext
2020-01-01 16:50:33.370  INFO 11724 --- [    Test worker] o.s.web.context.ContextLoader            : Root WebApplicationContext: initialization completed in 1271 ms
2020-01-01 16:50:33.717  INFO 11724 --- [    Test worker] com.zaxxer.hikari.HikariDataSource       : HikariPool-2 - Starting...
2020-01-01 16:50:33.718  INFO 11724 --- [    Test worker] com.zaxxer.hikari.HikariDataSource       : HikariPool-2 - Start completed.
2020-01-01 16:50:33.796  INFO 11724 --- [    Test worker] o.hibernate.jpa.internal.util.LogHelper  : HHH000204: Processing PersistenceUnitInfo [
	name: default
	...]
2020-01-01 16:50:33.822  INFO 11724 --- [    Test worker] org.hibernate.dialect.Dialect            : HHH000400: Using dialect: org.hibernate.dialect.H2Dialect
Hibernate: drop table posts if exists
Hibernate: drop table user if exists
Hibernate: drop sequence if exists hibernate_sequence
Hibernate: create sequence hibernate_sequence start with 1 increment by 1
Hibernate: create table posts (id bigint generated by default as identity, create_date timestamp, modify_date timestamp, author varchar(255), content TEXT not null, title varchar(500) not null, primary key (id))
Hibernate: create table user (id bigint not null, create_date timestamp, modify_date timestamp, email varchar(255) not null, name varchar(255) not null, picture varchar(255), role varchar(255), primary key (id))
2020-01-01 16:50:33.928  INFO 11724 --- [    Test worker] o.h.t.schema.internal.SchemaCreatorImpl  : HHH000476: Executing import script 'org.hibernate.tool.schema.internal.exec.ScriptSourceInputNonExistentImpl@4407d826'
2020-01-01 16:50:33.929  INFO 11724 --- [    Test worker] j.LocalContainerEntityManagerFactoryBean : Initialized JPA EntityManagerFactory for persistence unit 'default'
2020-01-01 16:50:34.743  INFO 11724 --- [    Test worker] o.h.h.i.QueryTranslatorFactoryInitiator  : HHH000397: Using ASTQueryTranslatorFactory
2020-01-01 16:50:35.187  INFO 11724 --- [    Test worker] o.s.s.web.DefaultSecurityFilterChain     : Creating filter chain: any request, [org.springframework.security.web.context.request.async.WebAsyncManagerIntegrationFilter@6ac7241a, org.springframework.security.web.context.SecurityContextPersistenceFilter@5857310b, org.springframework.security.web.header.HeaderWriterFilter@275018c8, org.springframework.security.web.authentication.logout.LogoutFilter@383ca827, org.springframework.security.oauth2.client.web.OAuth2AuthorizationRequestRedirectFilter@5d628fff, org.springframework.security.oauth2.client.web.OAuth2LoginAuthenticationFilter@39fff373, org.springframework.security.web.authentication.ui.DefaultLoginPageGeneratingFilter@59021565, org.springframework.security.web.authentication.ui.DefaultLogoutPageGeneratingFilter@bf0a40d, org.springframework.security.web.savedrequest.RequestCacheAwareFilter@419938f1, org.springframework.security.web.servletapi.SecurityContextHolderAwareRequestFilter@6628fe52, org.springframework.security.web.authentication.AnonymousAuthenticationFilter@4224cffb, org.springframework.security.web.session.SessionManagementFilter@1085f200, org.springframework.security.web.access.ExceptionTranslationFilter@6e3efd25, org.springframework.security.web.access.intercept.FilterSecurityInterceptor@128e6b04]
2020-01-01 16:50:35.602  INFO 11724 --- [    Test worker] o.s.s.concurrent.ThreadPoolTaskExecutor  : Initializing ExecutorService 'applicationTaskExecutor'
2020-01-01 16:50:35.627  WARN 11724 --- [    Test worker] aWebConfiguration$JpaWebMvcConfiguration : spring.jpa.open-in-view is enabled by default. Therefore, database queries may be performed during view rendering. Explicitly configure spring.jpa.open-in-view to disable this warning
2020-01-01 16:50:35.679  INFO 11724 --- [    Test worker] o.s.b.a.w.s.WelcomePageHandlerMapping    : Adding welcome page template: index
2020-01-01 16:50:36.362  INFO 11724 --- [    Test worker] s.a.ScheduledAnnotationBeanPostProcessor : No TaskScheduler/ScheduledExecutorService bean found for scheduled processing
2020-01-01 16:50:36.406  INFO 11724 --- [    Test worker] o.s.b.w.embedded.tomcat.TomcatWebServer  : Tomcat started on port(s): 61436 (http) with context path ''
2020-01-01 16:50:36.407  INFO 11724 --- [    Test worker] c.p.a.web.IndexControllerTest            : Started IndexControllerTest in 4.383 seconds (JVM running for 19.101)
2020-01-01 16:50:36.421  INFO 11724 --- [    Test worker] o.a.c.c.C.[Tomcat].[localhost].[/]       : Initializing Spring TestDispatcherServlet ''
2020-01-01 16:50:36.421  INFO 11724 --- [    Test worker] o.s.t.web.servlet.TestDispatcherServlet  : Initializing Servlet ''
2020-01-01 16:50:36.448  INFO 11724 --- [    Test worker] o.s.t.web.servlet.TestDispatcherServlet  : Completed initialization in 27 ms
2020-01-01 16:50:36.817  INFO 11724 --- [o-auto-1-exec-1] o.a.c.c.C.[Tomcat].[localhost].[/]       : Initializing Spring DispatcherServlet 'dispatcherServlet'
2020-01-01 16:50:36.818  INFO 11724 --- [o-auto-1-exec-1] o.s.web.servlet.DispatcherServlet        : Initializing Servlet 'dispatcherServlet'
2020-01-01 16:50:36.827  INFO 11724 --- [o-auto-1-exec-1] o.s.web.servlet.DispatcherServlet        : Completed initialization in 8 ms
Hibernate: select posts0_.id as id1_0_, posts0_.create_date as create_d2_0_, posts0_.modify_date as modify_d3_0_, posts0_.author as author4_0_, posts0_.content as content5_0_, posts0_.title as title6_0_ from posts posts0_ order by posts0_.id DESC
2020-01-01 16:50:37.122  INFO 11724 --- [    Test worker] o.a.c.c.C.[Tomcat].[localhost].[/]       : Initializing Spring TestDispatcherServlet ''
2020-01-01 16:50:37.122  INFO 11724 --- [    Test worker] o.s.t.web.servlet.TestDispatcherServlet  : Initializing Servlet ''
2020-01-01 16:50:37.126  INFO 11724 --- [    Test worker] o.s.t.web.servlet.TestDispatcherServlet  : Completed initialization in 4 ms
2020-01-01 16:50:37.147  INFO 11724 --- [    Test worker] o.a.c.c.C.[Tomcat].[localhost].[/]       : Initializing Spring TestDispatcherServlet ''
2020-01-01 16:50:37.147  INFO 11724 --- [    Test worker] o.s.t.web.servlet.TestDispatcherServlet  : Initializing Servlet ''
2020-01-01 16:50:37.153  INFO 11724 --- [    Test worker] o.s.t.web.servlet.TestDispatcherServlet  : Completed initialization in 5 ms
Hibernate: insert into posts (id, create_date, modify_date, author, content, title) values (null, ?, ?, ?, ?, ?)
Hibernate: select posts0_.id as id1_0_0_, posts0_.create_date as create_d2_0_0_, posts0_.modify_date as modify_d3_0_0_, posts0_.author as author4_0_0_, posts0_.content as content5_0_0_, posts0_.title as title6_0_0_ from posts posts0_ where posts0_.id=?
]]></system-out>
  <system-err><![CDATA[]]></system-err>
</testsuite>
