<?xml version="1.0" encoding="UTF-8"?>
<testsuite name="com.psawesome.awsspringboot.web.HelloControllerTest" tests="2" skipped="0" failures="0" errors="0" timestamp="2020-01-01T07:50:31" hostname="PSAwesome" time="0.227">
  <properties/>
  <testcase name="hello" classname="com.psawesome.awsspringboot.web.HelloControllerTest" time="0.098"/>
  <testcase name="helloWorldResponse" classname="com.psawesome.awsspringboot.web.HelloControllerTest" time="0.128"/>
  <system-out><![CDATA[2020-01-01 16:50:30.284  INFO 11724 --- [    Test worker] .b.t.a.w.s.WebMvcTestContextBootstrapper : Neither @ContextConfiguration nor @ContextHierarchy found for test class [com.psawesome.awsspringboot.web.HelloControllerTest], using SpringBootContextLoader
2020-01-01 16:50:30.285  INFO 11724 --- [    Test worker] o.s.t.c.support.AbstractContextLoader    : Could not detect default resource locations for test class [com.psawesome.awsspringboot.web.HelloControllerTest]: no resource found for suffixes {-context.xml, Context.groovy}.
2020-01-01 16:50:30.285  INFO 11724 --- [    Test worker] t.c.s.AnnotationConfigContextLoaderUtils : Could not detect default configuration classes for test class [com.psawesome.awsspringboot.web.HelloControllerTest]: HelloControllerTest does not declare any static, non-private, non-final, nested classes annotated with @Configuration.
2020-01-01 16:50:30.310  INFO 11724 --- [    Test worker] .b.t.c.SpringBootTestContextBootstrapper : Found @SpringBootConfiguration com.psawesome.awsspringboot.AwsSpringBootApplication for test class com.psawesome.awsspringboot.web.HelloControllerTest
2020-01-01 16:50:30.311  INFO 11724 --- [    Test worker] .b.t.a.w.s.WebMvcTestContextBootstrapper : Loaded default TestExecutionListener class names from location [META-INF/spring.factories]: [org.springframework.security.test.context.support.WithSecurityContextTestExecutionListener, org.springframework.security.test.context.support.ReactorContextTestExecutionListener, org.springframework.boot.test.autoconfigure.restdocs.RestDocsTestExecutionListener, org.springframework.boot.test.autoconfigure.web.client.MockRestServiceServerResetTestExecutionListener, org.springframework.boot.test.autoconfigure.web.servlet.MockMvcPrintOnlyOnFailureTestExecutionListener, org.springframework.boot.test.autoconfigure.web.servlet.WebDriverTestExecutionListener, org.springframework.boot.test.mock.mockito.MockitoTestExecutionListener, org.springframework.boot.test.mock.mockito.ResetMocksTestExecutionListener, org.springframework.test.context.web.ServletTestExecutionListener, org.springframework.test.context.support.DirtiesContextBeforeModesTestExecutionListener, org.springframework.test.context.support.DependencyInjectionTestExecutionListener, org.springframework.test.context.support.DirtiesContextTestExecutionListener, org.springframework.test.context.transaction.TransactionalTestExecutionListener, org.springframework.test.context.jdbc.SqlScriptsTestExecutionListener]
2020-01-01 16:50:30.312  INFO 11724 --- [    Test worker] .b.t.a.w.s.WebMvcTestContextBootstrapper : Using TestExecutionListeners: [org.springframework.test.context.web.ServletTestExecutionListener@290cbe4f, org.springframework.test.context.support.DirtiesContextBeforeModesTestExecutionListener@5d3cfbe1, org.springframework.boot.test.mock.mockito.MockitoTestExecutionListener@53ada695, org.springframework.boot.test.autoconfigure.SpringBootDependencyInjectionTestExecutionListener@76ba0846, org.springframework.test.context.support.DirtiesContextTestExecutionListener@3a083e18, org.springframework.test.context.transaction.TransactionalTestExecutionListener@d1294b, org.springframework.test.context.jdbc.SqlScriptsTestExecutionListener@3ef6beca, org.springframework.security.test.context.support.WithSecurityContextTestExecutionListener@18a8696a, org.springframework.security.test.context.support.ReactorContextTestExecutionListener@632b6c99, org.springframework.boot.test.autoconfigure.restdocs.RestDocsTestExecutionListener@6a398ac6, org.springframework.boot.test.autoconfigure.web.client.MockRestServiceServerResetTestExecutionListener@613279a5, org.springframework.boot.test.autoconfigure.web.servlet.MockMvcPrintOnlyOnFailureTestExecutionListener@3a8abfd0, org.springframework.boot.test.autoconfigure.web.servlet.WebDriverTestExecutionListener@2fd43bc, org.springframework.boot.test.mock.mockito.ResetMocksTestExecutionListener@24b4869f]

  .   ____          _            __ _ _
 /\\ / ___'_ __ _ _(_)_ __  __ _ \ \ \ \
( ( )\___ | '_ | '_| | '_ \/ _` | \ \ \ \
 \\/  ___)| |_)| | | | | || (_| |  ) ) ) )
  '  |____| .__|_| |_|_| |_\__, | / / / /
 =========|_|==============|___/=/_/_/_/
 :: Spring Boot ::        (v2.1.7.RELEASE)

2020-01-01 16:50:30.374  INFO 11724 --- [    Test worker] c.p.a.web.HelloControllerTest            : Starting HelloControllerTest on PSAwesome with PID 11724 (started by PS in C:\Users\wivps\IdeaProjects\aws-spring-boot)
2020-01-01 16:50:30.374  INFO 11724 --- [    Test worker] c.p.a.web.HelloControllerTest            : The following profiles are active: oauth
2020-01-01 16:50:31.063  INFO 11724 --- [    Test worker] o.s.s.concurrent.ThreadPoolTaskExecutor  : Initializing ExecutorService 'applicationTaskExecutor'
2020-01-01 16:50:31.107  INFO 11724 --- [    Test worker] o.s.b.a.w.s.WelcomePageHandlerMapping    : Adding welcome page template: index
2020-01-01 16:50:31.449  INFO 11724 --- [    Test worker] .s.s.UserDetailsServiceAutoConfiguration : 

Using generated security password: a577b3f2-11b4-4950-845a-a8761f334614

2020-01-01 16:50:31.661  INFO 11724 --- [    Test worker] o.s.s.web.DefaultSecurityFilterChain     : Creating filter chain: any request, [org.springframework.security.web.context.request.async.WebAsyncManagerIntegrationFilter@3d48491c, org.springframework.security.web.context.SecurityContextPersistenceFilter@872b67e, org.springframework.security.web.header.HeaderWriterFilter@3630017a, org.springframework.security.web.csrf.CsrfFilter@4a66e2d2, org.springframework.security.web.authentication.logout.LogoutFilter@63aba744, org.springframework.security.web.authentication.UsernamePasswordAuthenticationFilter@1fdf80d7, org.springframework.security.web.authentication.ui.DefaultLoginPageGeneratingFilter@27c48b7d, org.springframework.security.web.authentication.ui.DefaultLogoutPageGeneratingFilter@5092fff4, org.springframework.security.web.authentication.www.BasicAuthenticationFilter@27ffd720, org.springframework.security.web.savedrequest.RequestCacheAwareFilter@32ff07fe, org.springframework.security.web.servletapi.SecurityContextHolderAwareRequestFilter@472eb0a, org.springframework.security.web.authentication.AnonymousAuthenticationFilter@90d6411, org.springframework.security.web.session.SessionManagementFilter@4bbd051c, org.springframework.security.web.access.ExceptionTranslationFilter@60cb4f89, org.springframework.security.web.access.intercept.FilterSecurityInterceptor@458b3976]
2020-01-01 16:50:31.716  INFO 11724 --- [    Test worker] o.s.b.t.m.w.SpringBootMockServletContext : Initializing Spring TestDispatcherServlet ''
2020-01-01 16:50:31.717  INFO 11724 --- [    Test worker] o.s.t.web.servlet.TestDispatcherServlet  : Initializing Servlet ''
2020-01-01 16:50:31.737  INFO 11724 --- [    Test worker] o.s.t.web.servlet.TestDispatcherServlet  : Completed initialization in 20 ms
2020-01-01 16:50:31.780  INFO 11724 --- [    Test worker] c.p.a.web.HelloControllerTest            : Started HelloControllerTest in 1.465 seconds (JVM running for 14.473)
]]></system-out>
  <system-err><![CDATA[]]></system-err>
</testsuite>
