<?xml version="1.0" encoding="UTF-8"?>
<testsuite name="com.psawesome.awsspringboot.web.PostsApiControllerTest" tests="4" skipped="0" failures="0" errors="0" timestamp="2020-01-01T07:29:15" hostname="PSAwesome" time="0.101">
  <properties/>
  <testcase name="delete_posts" classname="com.psawesome.awsspringboot.web.PostsApiControllerTest" time="0.013"/>
  <testcase name="posts_update" classname="com.psawesome.awsspringboot.web.PostsApiControllerTest" time="0.034"/>
  <testcase name="save" classname="com.psawesome.awsspringboot.web.PostsApiControllerTest" time="0.027"/>
  <testcase name="posts_get_one" classname="com.psawesome.awsspringboot.web.PostsApiControllerTest" time="0.024"/>
  <system-out><![CDATA[2020-01-01 16:29:15.659  INFO 1424 --- [    Test worker] .b.t.c.SpringBootTestContextBootstrapper : Neither @ContextConfiguration nor @ContextHierarchy found for test class [com.psawesome.awsspringboot.web.PostsApiControllerTest], using SpringBootContextLoader
2020-01-01 16:29:15.661  INFO 1424 --- [    Test worker] o.s.t.c.support.AbstractContextLoader    : Could not detect default resource locations for test class [com.psawesome.awsspringboot.web.PostsApiControllerTest]: no resource found for suffixes {-context.xml, Context.groovy}.
2020-01-01 16:29:15.661  INFO 1424 --- [    Test worker] t.c.s.AnnotationConfigContextLoaderUtils : Could not detect default configuration classes for test class [com.psawesome.awsspringboot.web.PostsApiControllerTest]: PostsApiControllerTest does not declare any static, non-private, non-final, nested classes annotated with @Configuration.
2020-01-01 16:29:15.663  INFO 1424 --- [    Test worker] .b.t.c.SpringBootTestContextBootstrapper : Found @SpringBootConfiguration com.psawesome.awsspringboot.AwsSpringBootApplication for test class com.psawesome.awsspringboot.web.PostsApiControllerTest
2020-01-01 16:29:15.665  INFO 1424 --- [    Test worker] .b.t.c.SpringBootTestContextBootstrapper : Loaded default TestExecutionListener class names from location [META-INF/spring.factories]: [org.springframework.security.test.context.support.WithSecurityContextTestExecutionListener, org.springframework.security.test.context.support.ReactorContextTestExecutionListener, org.springframework.boot.test.autoconfigure.restdocs.RestDocsTestExecutionListener, org.springframework.boot.test.autoconfigure.web.client.MockRestServiceServerResetTestExecutionListener, org.springframework.boot.test.autoconfigure.web.servlet.MockMvcPrintOnlyOnFailureTestExecutionListener, org.springframework.boot.test.autoconfigure.web.servlet.WebDriverTestExecutionListener, org.springframework.boot.test.mock.mockito.MockitoTestExecutionListener, org.springframework.boot.test.mock.mockito.ResetMocksTestExecutionListener, org.springframework.test.context.web.ServletTestExecutionListener, org.springframework.test.context.support.DirtiesContextBeforeModesTestExecutionListener, org.springframework.test.context.support.DependencyInjectionTestExecutionListener, org.springframework.test.context.support.DirtiesContextTestExecutionListener, org.springframework.test.context.transaction.TransactionalTestExecutionListener, org.springframework.test.context.jdbc.SqlScriptsTestExecutionListener]
2020-01-01 16:29:15.667  INFO 1424 --- [    Test worker] .b.t.c.SpringBootTestContextBootstrapper : Using TestExecutionListeners: [org.springframework.test.context.web.ServletTestExecutionListener@7aa253cf, org.springframework.test.context.support.DirtiesContextBeforeModesTestExecutionListener@5301dfb8, org.springframework.boot.test.mock.mockito.MockitoTestExecutionListener@5c75d0d3, org.springframework.boot.test.autoconfigure.SpringBootDependencyInjectionTestExecutionListener@7f09fae, org.springframework.test.context.support.DirtiesContextTestExecutionListener@6fa488b4, org.springframework.test.context.transaction.TransactionalTestExecutionListener@328566e7, org.springframework.test.context.jdbc.SqlScriptsTestExecutionListener@4084cb2c, org.springframework.security.test.context.support.WithSecurityContextTestExecutionListener@430a217d, org.springframework.security.test.context.support.ReactorContextTestExecutionListener@8a0f080, org.springframework.boot.test.autoconfigure.restdocs.RestDocsTestExecutionListener@118b0d2d, org.springframework.boot.test.autoconfigure.web.client.MockRestServiceServerResetTestExecutionListener@7730799b, org.springframework.boot.test.autoconfigure.web.servlet.MockMvcPrintOnlyOnFailureTestExecutionListener@65a3bfc9, org.springframework.boot.test.autoconfigure.web.servlet.WebDriverTestExecutionListener@6a08770d, org.springframework.boot.test.mock.mockito.ResetMocksTestExecutionListener@23a3fd04]
2020-01-01 16:29:15.674  INFO 1424 --- [    Test worker] o.a.c.c.C.[Tomcat].[localhost].[/]       : Initializing Spring TestDispatcherServlet ''
2020-01-01 16:29:15.675  INFO 1424 --- [    Test worker] o.s.t.web.servlet.TestDispatcherServlet  : Initializing Servlet ''
2020-01-01 16:29:15.678  INFO 1424 --- [    Test worker] o.s.t.web.servlet.TestDispatcherServlet  : Completed initialization in 3 ms
Hibernate: select posts0_.id as id1_0_, posts0_.create_date as create_d2_0_, posts0_.modify_date as modify_d3_0_, posts0_.author as author4_0_, posts0_.content as content5_0_, posts0_.title as title6_0_ from posts posts0_
Hibernate: delete from posts where id=?
2020-01-01 16:29:15.690  INFO 1424 --- [    Test worker] o.a.c.c.C.[Tomcat].[localhost].[/]       : Initializing Spring TestDispatcherServlet ''
2020-01-01 16:29:15.690  INFO 1424 --- [    Test worker] o.s.t.web.servlet.TestDispatcherServlet  : Initializing Servlet ''
2020-01-01 16:29:15.693  INFO 1424 --- [    Test worker] o.s.t.web.servlet.TestDispatcherServlet  : Completed initialization in 3 ms
Hibernate: insert into posts (id, create_date, modify_date, author, content, title) values (null, ?, ?, ?, ?, ?)
Hibernate: select posts0_.id as id1_0_0_, posts0_.create_date as create_d2_0_0_, posts0_.modify_date as modify_d3_0_0_, posts0_.author as author4_0_0_, posts0_.content as content5_0_0_, posts0_.title as title6_0_0_ from posts posts0_ where posts0_.id=?
Hibernate: update posts set create_date=?, modify_date=?, author=?, content=?, title=? where id=?
Hibernate: select posts0_.id as id1_0_, posts0_.create_date as create_d2_0_, posts0_.modify_date as modify_d3_0_, posts0_.author as author4_0_, posts0_.content as content5_0_, posts0_.title as title6_0_ from posts posts0_
Hibernate: select posts0_.id as id1_0_, posts0_.create_date as create_d2_0_, posts0_.modify_date as modify_d3_0_, posts0_.author as author4_0_, posts0_.content as content5_0_, posts0_.title as title6_0_ from posts posts0_
Hibernate: delete from posts where id=?
2020-01-01 16:29:15.726  INFO 1424 --- [    Test worker] o.a.c.c.C.[Tomcat].[localhost].[/]       : Initializing Spring TestDispatcherServlet ''
2020-01-01 16:29:15.726  INFO 1424 --- [    Test worker] o.s.t.web.servlet.TestDispatcherServlet  : Initializing Servlet ''
2020-01-01 16:29:15.729  INFO 1424 --- [    Test worker] o.s.t.web.servlet.TestDispatcherServlet  : Completed initialization in 3 ms
Hibernate: insert into posts (id, create_date, modify_date, author, content, title) values (null, ?, ?, ?, ?, ?)
Hibernate: select posts0_.id as id1_0_, posts0_.create_date as create_d2_0_, posts0_.modify_date as modify_d3_0_, posts0_.author as author4_0_, posts0_.content as content5_0_, posts0_.title as title6_0_ from posts posts0_
Hibernate: select posts0_.id as id1_0_, posts0_.create_date as create_d2_0_, posts0_.modify_date as modify_d3_0_, posts0_.author as author4_0_, posts0_.content as content5_0_, posts0_.title as title6_0_ from posts posts0_
Hibernate: delete from posts where id=?
2020-01-01 16:29:15.752  INFO 1424 --- [    Test worker] o.a.c.c.C.[Tomcat].[localhost].[/]       : Initializing Spring TestDispatcherServlet ''
2020-01-01 16:29:15.752  INFO 1424 --- [    Test worker] o.s.t.web.servlet.TestDispatcherServlet  : Initializing Servlet ''
2020-01-01 16:29:15.757  INFO 1424 --- [    Test worker] o.s.t.web.servlet.TestDispatcherServlet  : Completed initialization in 5 ms
Hibernate: insert into posts (id, create_date, modify_date, author, content, title) values (null, ?, ?, ?, ?, ?)
Hibernate: select posts0_.id as id1_0_0_, posts0_.create_date as create_d2_0_0_, posts0_.modify_date as modify_d3_0_0_, posts0_.author as author4_0_0_, posts0_.content as content5_0_0_, posts0_.title as title6_0_0_ from posts posts0_ where posts0_.id=?
Hibernate: select posts0_.id as id1_0_, posts0_.create_date as create_d2_0_, posts0_.modify_date as modify_d3_0_, posts0_.author as author4_0_, posts0_.content as content5_0_, posts0_.title as title6_0_ from posts posts0_
Hibernate: delete from posts where id=?
]]></system-out>
  <system-err><![CDATA[]]></system-err>
</testsuite>
