<?xml version="1.0" encoding="UTF-8"?>
<testsuite name="com.psawesome.awsspringboot.web.PostsApiControllerTest" tests="4" skipped="0" failures="0" errors="0" timestamp="2020-01-01T07:50:37" hostname="PSAwesome" time="0.108">
  <properties/>
  <testcase name="delete_posts" classname="com.psawesome.awsspringboot.web.PostsApiControllerTest" time="0.018"/>
  <testcase name="posts_update" classname="com.psawesome.awsspringboot.web.PostsApiControllerTest" time="0.035"/>
  <testcase name="save" classname="com.psawesome.awsspringboot.web.PostsApiControllerTest" time="0.022"/>
  <testcase name="posts_get_one" classname="com.psawesome.awsspringboot.web.PostsApiControllerTest" time="0.029"/>
  <system-out><![CDATA[2020-01-01 16:50:37.298  INFO 11724 --- [    Test worker] .b.t.c.SpringBootTestContextBootstrapper : Neither @ContextConfiguration nor @ContextHierarchy found for test class [com.psawesome.awsspringboot.web.PostsApiControllerTest], using SpringBootContextLoader
2020-01-01 16:50:37.300  INFO 11724 --- [    Test worker] o.s.t.c.support.AbstractContextLoader    : Could not detect default resource locations for test class [com.psawesome.awsspringboot.web.PostsApiControllerTest]: no resource found for suffixes {-context.xml, Context.groovy}.
2020-01-01 16:50:37.301  INFO 11724 --- [    Test worker] t.c.s.AnnotationConfigContextLoaderUtils : Could not detect default configuration classes for test class [com.psawesome.awsspringboot.web.PostsApiControllerTest]: PostsApiControllerTest does not declare any static, non-private, non-final, nested classes annotated with @Configuration.
2020-01-01 16:50:37.305  INFO 11724 --- [    Test worker] .b.t.c.SpringBootTestContextBootstrapper : Found @SpringBootConfiguration com.psawesome.awsspringboot.AwsSpringBootApplication for test class com.psawesome.awsspringboot.web.PostsApiControllerTest
2020-01-01 16:50:37.308  INFO 11724 --- [    Test worker] .b.t.c.SpringBootTestContextBootstrapper : Loaded default TestExecutionListener class names from location [META-INF/spring.factories]: [org.springframework.security.test.context.support.WithSecurityContextTestExecutionListener, org.springframework.security.test.context.support.ReactorContextTestExecutionListener, org.springframework.boot.test.autoconfigure.restdocs.RestDocsTestExecutionListener, org.springframework.boot.test.autoconfigure.web.client.MockRestServiceServerResetTestExecutionListener, org.springframework.boot.test.autoconfigure.web.servlet.MockMvcPrintOnlyOnFailureTestExecutionListener, org.springframework.boot.test.autoconfigure.web.servlet.WebDriverTestExecutionListener, org.springframework.boot.test.mock.mockito.MockitoTestExecutionListener, org.springframework.boot.test.mock.mockito.ResetMocksTestExecutionListener, org.springframework.test.context.web.ServletTestExecutionListener, org.springframework.test.context.support.DirtiesContextBeforeModesTestExecutionListener, org.springframework.test.context.support.DependencyInjectionTestExecutionListener, org.springframework.test.context.support.DirtiesContextTestExecutionListener, org.springframework.test.context.transaction.TransactionalTestExecutionListener, org.springframework.test.context.jdbc.SqlScriptsTestExecutionListener]
2020-01-01 16:50:37.310  INFO 11724 --- [    Test worker] .b.t.c.SpringBootTestContextBootstrapper : Using TestExecutionListeners: [org.springframework.test.context.web.ServletTestExecutionListener@2584e822, org.springframework.test.context.support.DirtiesContextBeforeModesTestExecutionListener@6941e7fe, org.springframework.boot.test.mock.mockito.MockitoTestExecutionListener@23955adf, org.springframework.boot.test.autoconfigure.SpringBootDependencyInjectionTestExecutionListener@2d896861, org.springframework.test.context.support.DirtiesContextTestExecutionListener@2f4e500a, org.springframework.test.context.transaction.TransactionalTestExecutionListener@49563c0a, org.springframework.test.context.jdbc.SqlScriptsTestExecutionListener@401cd45d, org.springframework.security.test.context.support.WithSecurityContextTestExecutionListener@26b0765f, org.springframework.security.test.context.support.ReactorContextTestExecutionListener@7b23bc83, org.springframework.boot.test.autoconfigure.restdocs.RestDocsTestExecutionListener@36d6981, org.springframework.boot.test.autoconfigure.web.client.MockRestServiceServerResetTestExecutionListener@2575fb8d, org.springframework.boot.test.autoconfigure.web.servlet.MockMvcPrintOnlyOnFailureTestExecutionListener@d273f2, org.springframework.boot.test.autoconfigure.web.servlet.WebDriverTestExecutionListener@667300cf, org.springframework.boot.test.mock.mockito.ResetMocksTestExecutionListener@eba5ce1]
2020-01-01 16:50:37.319  INFO 11724 --- [    Test worker] o.a.c.c.C.[Tomcat].[localhost].[/]       : Initializing Spring TestDispatcherServlet ''
2020-01-01 16:50:37.319  INFO 11724 --- [    Test worker] o.s.t.web.servlet.TestDispatcherServlet  : Initializing Servlet ''
2020-01-01 16:50:37.324  INFO 11724 --- [    Test worker] o.s.t.web.servlet.TestDispatcherServlet  : Completed initialization in 5 ms
Hibernate: select posts0_.id as id1_0_, posts0_.create_date as create_d2_0_, posts0_.modify_date as modify_d3_0_, posts0_.author as author4_0_, posts0_.content as content5_0_, posts0_.title as title6_0_ from posts posts0_
Hibernate: delete from posts where id=?
2020-01-01 16:50:37.338  INFO 11724 --- [    Test worker] o.a.c.c.C.[Tomcat].[localhost].[/]       : Initializing Spring TestDispatcherServlet ''
2020-01-01 16:50:37.338  INFO 11724 --- [    Test worker] o.s.t.web.servlet.TestDispatcherServlet  : Initializing Servlet ''
2020-01-01 16:50:37.342  INFO 11724 --- [    Test worker] o.s.t.web.servlet.TestDispatcherServlet  : Completed initialization in 4 ms
Hibernate: insert into posts (id, create_date, modify_date, author, content, title) values (null, ?, ?, ?, ?, ?)
Hibernate: select posts0_.id as id1_0_0_, posts0_.create_date as create_d2_0_0_, posts0_.modify_date as modify_d3_0_0_, posts0_.author as author4_0_0_, posts0_.content as content5_0_0_, posts0_.title as title6_0_0_ from posts posts0_ where posts0_.id=?
Hibernate: update posts set create_date=?, modify_date=?, author=?, content=?, title=? where id=?
Hibernate: select posts0_.id as id1_0_, posts0_.create_date as create_d2_0_, posts0_.modify_date as modify_d3_0_, posts0_.author as author4_0_, posts0_.content as content5_0_, posts0_.title as title6_0_ from posts posts0_
Hibernate: select posts0_.id as id1_0_, posts0_.create_date as create_d2_0_, posts0_.modify_date as modify_d3_0_, posts0_.author as author4_0_, posts0_.content as content5_0_, posts0_.title as title6_0_ from posts posts0_
Hibernate: delete from posts where id=?
2020-01-01 16:50:37.375  INFO 11724 --- [    Test worker] o.a.c.c.C.[Tomcat].[localhost].[/]       : Initializing Spring TestDispatcherServlet ''
2020-01-01 16:50:37.375  INFO 11724 --- [    Test worker] o.s.t.web.servlet.TestDispatcherServlet  : Initializing Servlet ''
2020-01-01 16:50:37.379  INFO 11724 --- [    Test worker] o.s.t.web.servlet.TestDispatcherServlet  : Completed initialization in 4 ms
Hibernate: insert into posts (id, create_date, modify_date, author, content, title) values (null, ?, ?, ?, ?, ?)
Hibernate: select posts0_.id as id1_0_, posts0_.create_date as create_d2_0_, posts0_.modify_date as modify_d3_0_, posts0_.author as author4_0_, posts0_.content as content5_0_, posts0_.title as title6_0_ from posts posts0_
Hibernate: select posts0_.id as id1_0_, posts0_.create_date as create_d2_0_, posts0_.modify_date as modify_d3_0_, posts0_.author as author4_0_, posts0_.content as content5_0_, posts0_.title as title6_0_ from posts posts0_
Hibernate: delete from posts where id=?
2020-01-01 16:50:37.398  INFO 11724 --- [    Test worker] o.a.c.c.C.[Tomcat].[localhost].[/]       : Initializing Spring TestDispatcherServlet ''
2020-01-01 16:50:37.398  INFO 11724 --- [    Test worker] o.s.t.web.servlet.TestDispatcherServlet  : Initializing Servlet ''
2020-01-01 16:50:37.404  INFO 11724 --- [    Test worker] o.s.t.web.servlet.TestDispatcherServlet  : Completed initialization in 6 ms
Hibernate: insert into posts (id, create_date, modify_date, author, content, title) values (null, ?, ?, ?, ?, ?)
Hibernate: select posts0_.id as id1_0_0_, posts0_.create_date as create_d2_0_0_, posts0_.modify_date as modify_d3_0_0_, posts0_.author as author4_0_0_, posts0_.content as content5_0_0_, posts0_.title as title6_0_0_ from posts posts0_ where posts0_.id=?
Hibernate: select posts0_.id as id1_0_, posts0_.create_date as create_d2_0_, posts0_.modify_date as modify_d3_0_, posts0_.author as author4_0_, posts0_.content as content5_0_, posts0_.title as title6_0_ from posts posts0_
Hibernate: delete from posts where id=?
]]></system-out>
  <system-err><![CDATA[]]></system-err>
</testsuite>
