<?xml version="1.0" encoding="UTF-8"?>
<testsuite name="com.psawesome.awsspringboot.web.HelloControllerTest" tests="2" skipped="0" failures="0" errors="0" timestamp="2020-01-01T06:25:01" hostname="PSAwesome" time="0.218">
  <properties/>
  <testcase name="hello" classname="com.psawesome.awsspringboot.web.HelloControllerTest" time="0.092"/>
  <testcase name="helloWorldResponse" classname="com.psawesome.awsspringboot.web.HelloControllerTest" time="0.125"/>
  <system-out><![CDATA[2020-01-01 15:24:59.840  INFO 20308 --- [    Test worker] .b.t.a.w.s.WebMvcTestContextBootstrapper : Neither @ContextConfiguration nor @ContextHierarchy found for test class [com.psawesome.awsspringboot.web.HelloControllerTest], using SpringBootContextLoader
2020-01-01 15:24:59.841  INFO 20308 --- [    Test worker] o.s.t.c.support.AbstractContextLoader    : Could not detect default resource locations for test class [com.psawesome.awsspringboot.web.HelloControllerTest]: no resource found for suffixes {-context.xml, Context.groovy}.
2020-01-01 15:24:59.841  INFO 20308 --- [    Test worker] t.c.s.AnnotationConfigContextLoaderUtils : Could not detect default configuration classes for test class [com.psawesome.awsspringboot.web.HelloControllerTest]: HelloControllerTest does not declare any static, non-private, non-final, nested classes annotated with @Configuration.
2020-01-01 15:24:59.872  INFO 20308 --- [    Test worker] .b.t.c.SpringBootTestContextBootstrapper : Found @SpringBootConfiguration com.psawesome.awsspringboot.AwsSpringBootApplication for test class com.psawesome.awsspringboot.web.HelloControllerTest
2020-01-01 15:24:59.873  INFO 20308 --- [    Test worker] .b.t.a.w.s.WebMvcTestContextBootstrapper : Loaded default TestExecutionListener class names from location [META-INF/spring.factories]: [org.springframework.security.test.context.support.WithSecurityContextTestExecutionListener, org.springframework.security.test.context.support.ReactorContextTestExecutionListener, org.springframework.boot.test.autoconfigure.restdocs.RestDocsTestExecutionListener, org.springframework.boot.test.autoconfigure.web.client.MockRestServiceServerResetTestExecutionListener, org.springframework.boot.test.autoconfigure.web.servlet.MockMvcPrintOnlyOnFailureTestExecutionListener, org.springframework.boot.test.autoconfigure.web.servlet.WebDriverTestExecutionListener, org.springframework.boot.test.mock.mockito.MockitoTestExecutionListener, org.springframework.boot.test.mock.mockito.ResetMocksTestExecutionListener, org.springframework.test.context.web.ServletTestExecutionListener, org.springframework.test.context.support.DirtiesContextBeforeModesTestExecutionListener, org.springframework.test.context.support.DependencyInjectionTestExecutionListener, org.springframework.test.context.support.DirtiesContextTestExecutionListener, org.springframework.test.context.transaction.TransactionalTestExecutionListener, org.springframework.test.context.jdbc.SqlScriptsTestExecutionListener]
2020-01-01 15:24:59.875  INFO 20308 --- [    Test worker] .b.t.a.w.s.WebMvcTestContextBootstrapper : Using TestExecutionListeners: [org.springframework.test.context.web.ServletTestExecutionListener@196bf875, org.springframework.test.context.support.DirtiesContextBeforeModesTestExecutionListener@393a8394, org.springframework.boot.test.mock.mockito.MockitoTestExecutionListener@53a3e8b3, org.springframework.boot.test.autoconfigure.SpringBootDependencyInjectionTestExecutionListener@13404fe0, org.springframework.test.context.support.DirtiesContextTestExecutionListener@552ea5ad, org.springframework.test.context.transaction.TransactionalTestExecutionListener@3865aabf, org.springframework.test.context.jdbc.SqlScriptsTestExecutionListener@744f3b70, org.springframework.security.test.context.support.WithSecurityContextTestExecutionListener@65e15556, org.springframework.security.test.context.support.ReactorContextTestExecutionListener@45c2978a, org.springframework.boot.test.autoconfigure.restdocs.RestDocsTestExecutionListener@50e7fddf, org.springframework.boot.test.autoconfigure.web.client.MockRestServiceServerResetTestExecutionListener@5dfed808, org.springframework.boot.test.autoconfigure.web.servlet.MockMvcPrintOnlyOnFailureTestExecutionListener@32da6d04, org.springframework.boot.test.autoconfigure.web.servlet.WebDriverTestExecutionListener@63f5c212, org.springframework.boot.test.mock.mockito.ResetMocksTestExecutionListener@c93d2b6]

  .   ____          _            __ _ _
 /\\ / ___'_ __ _ _(_)_ __  __ _ \ \ \ \
( ( )\___ | '_ | '_| | '_ \/ _` | \ \ \ \
 \\/  ___)| |_)| | | | | || (_| |  ) ) ) )
  '  |____| .__|_| |_|_| |_\__, | / / / /
 =========|_|==============|___/=/_/_/_/
 :: Spring Boot ::        (v2.1.7.RELEASE)

2020-01-01 15:24:59.965  INFO 20308 --- [    Test worker] c.p.a.web.HelloControllerTest            : Starting HelloControllerTest on PSAwesome with PID 20308 (started by PS in C:\Users\wivps\IdeaProjects\aws-spring-boot)
2020-01-01 15:24:59.965  INFO 20308 --- [    Test worker] c.p.a.web.HelloControllerTest            : The following profiles are active: oauth
2020-01-01 15:25:00.732  INFO 20308 --- [    Test worker] o.s.s.concurrent.ThreadPoolTaskExecutor  : Initializing ExecutorService 'applicationTaskExecutor'
2020-01-01 15:25:00.786  INFO 20308 --- [    Test worker] o.s.b.a.w.s.WelcomePageHandlerMapping    : Adding welcome page template: index
2020-01-01 15:25:01.109  INFO 20308 --- [    Test worker] .s.s.UserDetailsServiceAutoConfiguration : 

Using generated security password: e3bd4bde-4cfc-4dc5-b030-78cc6a6f20ab

2020-01-01 15:25:01.360  INFO 20308 --- [    Test worker] o.s.s.web.DefaultSecurityFilterChain     : Creating filter chain: any request, [org.springframework.security.web.context.request.async.WebAsyncManagerIntegrationFilter@467dd77f, org.springframework.security.web.context.SecurityContextPersistenceFilter@67927ab5, org.springframework.security.web.header.HeaderWriterFilter@67838337, org.springframework.security.web.csrf.CsrfFilter@3a5819a3, org.springframework.security.web.authentication.logout.LogoutFilter@53a02dc5, org.springframework.security.web.authentication.UsernamePasswordAuthenticationFilter@2fb82654, org.springframework.security.web.authentication.ui.DefaultLoginPageGeneratingFilter@51dbadb3, org.springframework.security.web.authentication.ui.DefaultLogoutPageGeneratingFilter@a29bf56, org.springframework.security.web.authentication.www.BasicAuthenticationFilter@423801c7, org.springframework.security.web.savedrequest.RequestCacheAwareFilter@57708795, org.springframework.security.web.servletapi.SecurityContextHolderAwareRequestFilter@2c113c77, org.springframework.security.web.authentication.AnonymousAuthenticationFilter@81da1ed, org.springframework.security.web.session.SessionManagementFilter@1dec0b65, org.springframework.security.web.access.ExceptionTranslationFilter@590d3be1, org.springframework.security.web.access.intercept.FilterSecurityInterceptor@250915ce]
2020-01-01 15:25:01.411  INFO 20308 --- [    Test worker] o.s.b.t.m.w.SpringBootMockServletContext : Initializing Spring TestDispatcherServlet ''
2020-01-01 15:25:01.411  INFO 20308 --- [    Test worker] o.s.t.web.servlet.TestDispatcherServlet  : Initializing Servlet ''
2020-01-01 15:25:01.430  INFO 20308 --- [    Test worker] o.s.t.web.servlet.TestDispatcherServlet  : Completed initialization in 19 ms
2020-01-01 15:25:01.478  INFO 20308 --- [    Test worker] c.p.a.web.HelloControllerTest            : Started HelloControllerTest in 1.6 seconds (JVM running for 14.803)
]]></system-out>
  <system-err><![CDATA[]]></system-err>
</testsuite>
