<?xml version="1.0" encoding="UTF-8"?>
<testsuite name="com.psawesome.awsspringboot.domain.posts.PostsRepositoryTest" tests="2" skipped="0" failures="0" errors="0" timestamp="2020-01-01T07:50:29" hostname="PSAwesome" time="0.32">
  <properties/>
  <testcase name="게시글_저장_불러오기" classname="com.psawesome.awsspringboot.domain.posts.PostsRepositoryTest" time="0.31"/>
  <testcase name="baseTimeEntity_등록" classname="com.psawesome.awsspringboot.domain.posts.PostsRepositoryTest" time="0.009"/>
  <system-out><![CDATA[16:50:20.688 [Test worker] DEBUG org.springframework.test.context.junit4.SpringJUnit4ClassRunner - SpringJUnit4ClassRunner constructor called with [class com.psawesome.awsspringboot.domain.posts.PostsRepositoryTest]
16:50:20.697 [Test worker] DEBUG org.springframework.test.context.BootstrapUtils - Instantiating CacheAwareContextLoaderDelegate from class [org.springframework.test.context.cache.DefaultCacheAwareContextLoaderDelegate]
16:50:20.710 [Test worker] DEBUG org.springframework.test.context.BootstrapUtils - Instantiating BootstrapContext using constructor [public org.springframework.test.context.support.DefaultBootstrapContext(java.lang.Class,org.springframework.test.context.CacheAwareContextLoaderDelegate)]
16:50:20.736 [Test worker] DEBUG org.springframework.test.context.BootstrapUtils - Instantiating TestContextBootstrapper for test class [com.psawesome.awsspringboot.domain.posts.PostsRepositoryTest] from class [org.springframework.boot.test.context.SpringBootTestContextBootstrapper]
16:50:20.759 [Test worker] INFO org.springframework.boot.test.context.SpringBootTestContextBootstrapper - Neither @ContextConfiguration nor @ContextHierarchy found for test class [com.psawesome.awsspringboot.domain.posts.PostsRepositoryTest], using SpringBootContextLoader
16:50:20.764 [Test worker] DEBUG org.springframework.test.context.support.AbstractContextLoader - Did not detect default resource location for test class [com.psawesome.awsspringboot.domain.posts.PostsRepositoryTest]: class path resource [com/psawesome/awsspringboot/domain/posts/PostsRepositoryTest-context.xml] does not exist
16:50:20.764 [Test worker] DEBUG org.springframework.test.context.support.AbstractContextLoader - Did not detect default resource location for test class [com.psawesome.awsspringboot.domain.posts.PostsRepositoryTest]: class path resource [com/psawesome/awsspringboot/domain/posts/PostsRepositoryTestContext.groovy] does not exist
16:50:20.765 [Test worker] INFO org.springframework.test.context.support.AbstractContextLoader - Could not detect default resource locations for test class [com.psawesome.awsspringboot.domain.posts.PostsRepositoryTest]: no resource found for suffixes {-context.xml, Context.groovy}.
16:50:20.766 [Test worker] INFO org.springframework.test.context.support.AnnotationConfigContextLoaderUtils - Could not detect default configuration classes for test class [com.psawesome.awsspringboot.domain.posts.PostsRepositoryTest]: PostsRepositoryTest does not declare any static, non-private, non-final, nested classes annotated with @Configuration.
16:50:20.819 [Test worker] DEBUG org.springframework.test.context.support.ActiveProfilesUtils - Could not find an 'annotation declaring class' for annotation type [org.springframework.test.context.ActiveProfiles] and class [com.psawesome.awsspringboot.domain.posts.PostsRepositoryTest]
16:50:20.924 [Test worker] DEBUG org.springframework.context.annotation.ClassPathScanningCandidateComponentProvider - Identified candidate component class: file [C:\Users\wivps\IdeaProjects\aws-spring-boot\build\classes\java\main\com\psawesome\awsspringboot\AwsSpringBootApplication.class]
16:50:20.925 [Test worker] INFO org.springframework.boot.test.context.SpringBootTestContextBootstrapper - Found @SpringBootConfiguration com.psawesome.awsspringboot.AwsSpringBootApplication for test class com.psawesome.awsspringboot.domain.posts.PostsRepositoryTest
16:50:21.062 [Test worker] DEBUG org.springframework.boot.test.context.SpringBootTestContextBootstrapper - @TestExecutionListeners is not present for class [com.psawesome.awsspringboot.domain.posts.PostsRepositoryTest]: using defaults.
16:50:21.064 [Test worker] INFO org.springframework.boot.test.context.SpringBootTestContextBootstrapper - Loaded default TestExecutionListener class names from location [META-INF/spring.factories]: [org.springframework.security.test.context.support.WithSecurityContextTestExecutionListener, org.springframework.security.test.context.support.ReactorContextTestExecutionListener, org.springframework.boot.test.autoconfigure.restdocs.RestDocsTestExecutionListener, org.springframework.boot.test.autoconfigure.web.client.MockRestServiceServerResetTestExecutionListener, org.springframework.boot.test.autoconfigure.web.servlet.MockMvcPrintOnlyOnFailureTestExecutionListener, org.springframework.boot.test.autoconfigure.web.servlet.WebDriverTestExecutionListener, org.springframework.boot.test.mock.mockito.MockitoTestExecutionListener, org.springframework.boot.test.mock.mockito.ResetMocksTestExecutionListener, org.springframework.test.context.web.ServletTestExecutionListener, org.springframework.test.context.support.DirtiesContextBeforeModesTestExecutionListener, org.springframework.test.context.support.DependencyInjectionTestExecutionListener, org.springframework.test.context.support.DirtiesContextTestExecutionListener, org.springframework.test.context.transaction.TransactionalTestExecutionListener, org.springframework.test.context.jdbc.SqlScriptsTestExecutionListener]
16:50:21.096 [Test worker] INFO org.springframework.boot.test.context.SpringBootTestContextBootstrapper - Using TestExecutionListeners: [org.springframework.test.context.web.ServletTestExecutionListener@2ad626e5, org.springframework.test.context.support.DirtiesContextBeforeModesTestExecutionListener@4ae05717, org.springframework.boot.test.mock.mockito.MockitoTestExecutionListener@2ceb0932, org.springframework.boot.test.autoconfigure.SpringBootDependencyInjectionTestExecutionListener@15861f3e, org.springframework.test.context.support.DirtiesContextTestExecutionListener@efcf265, org.springframework.test.context.transaction.TransactionalTestExecutionListener@46ec5442, org.springframework.test.context.jdbc.SqlScriptsTestExecutionListener@323a7734, org.springframework.security.test.context.support.WithSecurityContextTestExecutionListener@1760f1a2, org.springframework.security.test.context.support.ReactorContextTestExecutionListener@7e6656f1, org.springframework.boot.test.autoconfigure.restdocs.RestDocsTestExecutionListener@5a8c433b, org.springframework.boot.test.autoconfigure.web.client.MockRestServiceServerResetTestExecutionListener@3b6e1c89, org.springframework.boot.test.autoconfigure.web.servlet.MockMvcPrintOnlyOnFailureTestExecutionListener@2b1317a7, org.springframework.boot.test.autoconfigure.web.servlet.WebDriverTestExecutionListener@670e0dea, org.springframework.boot.test.mock.mockito.ResetMocksTestExecutionListener@5fa30fab]
16:50:21.098 [Test worker] DEBUG org.springframework.test.annotation.ProfileValueUtils - Retrieved @ProfileValueSourceConfiguration [null] for test class [com.psawesome.awsspringboot.domain.posts.PostsRepositoryTest]
16:50:21.099 [Test worker] DEBUG org.springframework.test.annotation.ProfileValueUtils - Retrieved ProfileValueSource type [class org.springframework.test.annotation.SystemProfileValueSource] for class [com.psawesome.awsspringboot.domain.posts.PostsRepositoryTest]
16:50:21.099 [Test worker] DEBUG org.springframework.test.annotation.ProfileValueUtils - Retrieved @ProfileValueSourceConfiguration [null] for test class [com.psawesome.awsspringboot.domain.posts.PostsRepositoryTest]
16:50:21.099 [Test worker] DEBUG org.springframework.test.annotation.ProfileValueUtils - Retrieved ProfileValueSource type [class org.springframework.test.annotation.SystemProfileValueSource] for class [com.psawesome.awsspringboot.domain.posts.PostsRepositoryTest]
16:50:21.103 [Test worker] DEBUG org.springframework.test.context.support.AbstractDirtiesContextTestExecutionListener - Before test class: context [DefaultTestContext@335c48b7 testClass = PostsRepositoryTest, testInstance = [null], testMethod = [null], testException = [null], mergedContextConfiguration = [WebMergedContextConfiguration@2e1a4b5e testClass = PostsRepositoryTest, locations = '{}', classes = '{class com.psawesome.awsspringboot.AwsSpringBootApplication}', contextInitializerClasses = '[]', activeProfiles = '{}', propertySourceLocations = '{}', propertySourceProperties = '{org.springframework.boot.test.context.SpringBootTestContextBootstrapper=true}', contextCustomizers = set[org.springframework.boot.test.autoconfigure.properties.PropertyMappingContextCustomizer@0, org.springframework.boot.test.autoconfigure.web.servlet.WebDriverContextCustomizerFactory$Customizer@2726ad92, org.springframework.boot.test.context.filter.ExcludeFilterContextCustomizer@37545d6b, org.springframework.boot.test.json.DuplicateJsonObjectContextCustomizerFactory$DuplicateJsonObjectContextCustomizer@ca28e81, org.springframework.boot.test.mock.mockito.MockitoContextCustomizer@0, org.springframework.boot.test.web.client.TestRestTemplateContextCustomizer@791cbc29], resourceBasePath = 'src/main/webapp', contextLoader = 'org.springframework.boot.test.context.SpringBootContextLoader', parent = [null]], attributes = map['org.springframework.test.context.web.ServletTestExecutionListener.activateListener' -> true]], class annotated with @DirtiesContext [false] with mode [null].
16:50:21.104 [Test worker] DEBUG org.springframework.test.annotation.ProfileValueUtils - Retrieved @ProfileValueSourceConfiguration [null] for test class [com.psawesome.awsspringboot.domain.posts.PostsRepositoryTest]
16:50:21.104 [Test worker] DEBUG org.springframework.test.annotation.ProfileValueUtils - Retrieved ProfileValueSource type [class org.springframework.test.annotation.SystemProfileValueSource] for class [com.psawesome.awsspringboot.domain.posts.PostsRepositoryTest]
16:50:21.130 [Test worker] DEBUG org.springframework.test.context.support.TestPropertySourceUtils - Adding inlined properties to environment: {spring.jmx.enabled=false, org.springframework.boot.test.context.SpringBootTestContextBootstrapper=true, server.port=-1}

  .   ____          _            __ _ _
 /\\ / ___'_ __ _ _(_)_ __  __ _ \ \ \ \
( ( )\___ | '_ | '_| | '_ \/ _` | \ \ \ \
 \\/  ___)| |_)| | | | | || (_| |  ) ) ) )
  '  |____| .__|_| |_|_| |_\__, | / / / /
 =========|_|==============|___/=/_/_/_/
 :: Spring Boot ::        (v2.1.7.RELEASE)

2020-01-01 16:50:21.533  INFO 11724 --- [    Test worker] c.p.a.domain.posts.PostsRepositoryTest   : Starting PostsRepositoryTest on PSAwesome with PID 11724 (started by PS in C:\Users\wivps\IdeaProjects\aws-spring-boot)
2020-01-01 16:50:21.534  INFO 11724 --- [    Test worker] c.p.a.domain.posts.PostsRepositoryTest   : The following profiles are active: oauth
2020-01-01 16:50:22.819  INFO 11724 --- [    Test worker] .s.d.r.c.RepositoryConfigurationDelegate : Bootstrapping Spring Data repositories in DEFAULT mode.
2020-01-01 16:50:22.945  INFO 11724 --- [    Test worker] .s.d.r.c.RepositoryConfigurationDelegate : Finished Spring Data repository scanning in 111ms. Found 2 repository interfaces.
2020-01-01 16:50:23.614  INFO 11724 --- [    Test worker] trationDelegate$BeanPostProcessorChecker : Bean 'org.springframework.transaction.annotation.ProxyTransactionManagementConfiguration' of type [org.springframework.transaction.annotation.ProxyTransactionManagementConfiguration$$EnhancerBySpringCGLIB$$499ae48c] is not eligible for getting processed by all BeanPostProcessors (for example: not eligible for auto-proxying)
2020-01-01 16:50:23.943  INFO 11724 --- [    Test worker] com.zaxxer.hikari.HikariDataSource       : HikariPool-1 - Starting...
2020-01-01 16:50:24.165  INFO 11724 --- [    Test worker] com.zaxxer.hikari.HikariDataSource       : HikariPool-1 - Start completed.
2020-01-01 16:50:24.309  INFO 11724 --- [    Test worker] o.hibernate.jpa.internal.util.LogHelper  : HHH000204: Processing PersistenceUnitInfo [
	name: default
	...]
2020-01-01 16:50:24.419  INFO 11724 --- [    Test worker] org.hibernate.Version                    : HHH000412: Hibernate Core {5.3.10.Final}
2020-01-01 16:50:24.423  INFO 11724 --- [    Test worker] org.hibernate.cfg.Environment            : HHH000206: hibernate.properties not found
2020-01-01 16:50:24.649  INFO 11724 --- [    Test worker] o.hibernate.annotations.common.Version   : HCANN000001: Hibernate Commons Annotations {5.0.4.Final}
2020-01-01 16:50:24.904  INFO 11724 --- [    Test worker] org.hibernate.dialect.Dialect            : HHH000400: Using dialect: org.hibernate.dialect.H2Dialect
Hibernate: drop table posts if exists
Hibernate: drop table user if exists
Hibernate: drop sequence if exists hibernate_sequence
Hibernate: create sequence hibernate_sequence start with 1 increment by 1
Hibernate: create table posts (id bigint generated by default as identity, create_date timestamp, modify_date timestamp, author varchar(255), content TEXT not null, title varchar(500) not null, primary key (id))
Hibernate: create table user (id bigint not null, create_date timestamp, modify_date timestamp, email varchar(255) not null, name varchar(255) not null, picture varchar(255), role varchar(255), primary key (id))
2020-01-01 16:50:25.981  INFO 11724 --- [    Test worker] o.h.t.schema.internal.SchemaCreatorImpl  : HHH000476: Executing import script 'org.hibernate.tool.schema.internal.exec.ScriptSourceInputNonExistentImpl@4407d826'
2020-01-01 16:50:25.986  INFO 11724 --- [    Test worker] j.LocalContainerEntityManagerFactoryBean : Initialized JPA EntityManagerFactory for persistence unit 'default'
2020-01-01 16:50:26.920  INFO 11724 --- [    Test worker] o.h.h.i.QueryTranslatorFactoryInitiator  : HHH000397: Using ASTQueryTranslatorFactory
2020-01-01 16:50:27.830  INFO 11724 --- [    Test worker] o.s.s.web.DefaultSecurityFilterChain     : Creating filter chain: any request, [org.springframework.security.web.context.request.async.WebAsyncManagerIntegrationFilter@4e504b64, org.springframework.security.web.context.SecurityContextPersistenceFilter@441f8739, org.springframework.security.web.header.HeaderWriterFilter@be35ce, org.springframework.security.web.authentication.logout.LogoutFilter@7d99d8fb, org.springframework.security.oauth2.client.web.OAuth2AuthorizationRequestRedirectFilter@f111dbe, org.springframework.security.oauth2.client.web.OAuth2LoginAuthenticationFilter@449ff9e3, org.springframework.security.web.authentication.ui.DefaultLoginPageGeneratingFilter@35dfe838, org.springframework.security.web.authentication.ui.DefaultLogoutPageGeneratingFilter@5050a6e9, org.springframework.security.web.savedrequest.RequestCacheAwareFilter@38a470d4, org.springframework.security.web.servletapi.SecurityContextHolderAwareRequestFilter@5282569f, org.springframework.security.web.authentication.AnonymousAuthenticationFilter@8cf4682, org.springframework.security.web.session.SessionManagementFilter@44a8cfa2, org.springframework.security.web.access.ExceptionTranslationFilter@122b97e, org.springframework.security.web.access.intercept.FilterSecurityInterceptor@1f8698e7]
2020-01-01 16:50:28.781  INFO 11724 --- [    Test worker] o.s.s.concurrent.ThreadPoolTaskExecutor  : Initializing ExecutorService 'applicationTaskExecutor'
2020-01-01 16:50:28.885  WARN 11724 --- [    Test worker] aWebConfiguration$JpaWebMvcConfiguration : spring.jpa.open-in-view is enabled by default. Therefore, database queries may be performed during view rendering. Explicitly configure spring.jpa.open-in-view to disable this warning
2020-01-01 16:50:28.964  INFO 11724 --- [    Test worker] o.s.b.a.w.s.WelcomePageHandlerMapping    : Adding welcome page template: index
2020-01-01 16:50:29.912  INFO 11724 --- [    Test worker] s.a.ScheduledAnnotationBeanPostProcessor : No TaskScheduler/ScheduledExecutorService bean found for scheduled processing
2020-01-01 16:50:29.925  INFO 11724 --- [    Test worker] c.p.a.domain.posts.PostsRepositoryTest   : Started PostsRepositoryTest in 8.784 seconds (JVM running for 12.619)
Hibernate: insert into posts (id, create_date, modify_date, author, content, title) values (null, ?, ?, ?, ?, ?)
Hibernate: select posts0_.id as id1_0_, posts0_.create_date as create_d2_0_, posts0_.modify_date as modify_d3_0_, posts0_.author as author4_0_, posts0_.content as content5_0_, posts0_.title as title6_0_ from posts posts0_
Hibernate: select posts0_.id as id1_0_, posts0_.create_date as create_d2_0_, posts0_.modify_date as modify_d3_0_, posts0_.author as author4_0_, posts0_.content as content5_0_, posts0_.title as title6_0_ from posts posts0_
Hibernate: delete from posts where id=?
Hibernate: insert into posts (id, create_date, modify_date, author, content, title) values (null, ?, ?, ?, ?, ?)
Hibernate: select posts0_.id as id1_0_, posts0_.create_date as create_d2_0_, posts0_.modify_date as modify_d3_0_, posts0_.author as author4_0_, posts0_.content as content5_0_, posts0_.title as title6_0_ from posts posts0_
createDate = [2020-01-01T16:50:30.267], modifiedDate = [2020-01-01T16:50:30.267]
Hibernate: select posts0_.id as id1_0_, posts0_.create_date as create_d2_0_, posts0_.modify_date as modify_d3_0_, posts0_.author as author4_0_, posts0_.content as content5_0_, posts0_.title as title6_0_ from posts posts0_
Hibernate: delete from posts where id=?
]]></system-out>
  <system-err><![CDATA[]]></system-err>
</testsuite>
